
UsersController
  GET #edit
    ログインユーザーの場合
[32m      レスポンスが成功すること[0m
[32m      @userが正しく設定されていること[0m

Bookモデルのテスト
  バリデーションのテスト
    titleカラム
[32m      空欄でないこと[0m
    bodyカラム
[32m      空欄でないこと[0m
[32m      200文字以下であること: 200文字は〇[0m
[32m      200文字以下であること: 201文字は×[0m
  アソシエーションのテスト
    Userモデルとの関係
[32m      N:1となっている[0m

Userモデルのテスト
  バリデーションのテスト
    nameカラム
[32m      空欄でないこと[0m
[32m      2文字以上であること: 1文字は×[0m
[32m      2文字以上であること: 2文字は〇[0m
[32m      20文字以下であること: 20文字は〇[0m
[32m      20文字以下であること: 21文字は×[0m
[31m      一意性があること (FAILED - 1)[0m
    introductionカラム
[32m      50文字以下であること: 50文字は〇[0m
[32m      50文字以下であること: 51文字は×[0m
  アソシエーションのテスト
    Bookモデルとの関係
[32m      1:Nとなっている[0m

[STEP1] ユーザログイン前のテスト
  トップ画面のテスト
    表示内容の確認
[32m      URLが正しい[0m
[31m      Log inリンクが表示される: 青色のボタンの表示が「Log in」である (FAILED - 2)[0m
[31m      Log inリンクの内容が正しい (FAILED - 3)[0m
[31m      Sign upリンクが表示される: 緑色のボタンの表示が「Sign up」である (FAILED - 4)[0m
[31m      Sign upリンクの内容が正しい (FAILED - 5)[0m
  アバウト画面のテスト
    表示内容の確認
[31m      URLが正しい (FAILED - 6)[0m
  ヘッダーのテスト: ログインしていない場合
    表示内容の確認
[31m      Bookersリンクが表示される: 左上から1番目のリンクが「Bookers」である (FAILED - 7)[0m
[31m      Homeリンクが表示される: 左上から2番目のリンクが「Home」である (FAILED - 8)[0m
[31m      Aboutリンクが表示される: 左上から3番目のリンクが「About」である (FAILED - 9)[0m
[31m      Sign upリンクが表示される: 左上から4番目のリンクが「Sign up」である (FAILED - 10)[0m
[32m      Log inリンクが表示される: 左上から5番目のリンクが「Log in」である[0m
    リンクの内容を確認
[32m      Bookersを押すと、トップ画面に遷移する[0m
[31m      Homeを押すと、トップ画面に遷移する (FAILED - 11)[0m
[31m      Aboutを押すと、アバウト画面に遷移する (FAILED - 12)[0m
[31m      Sign upを押すと、新規登録画面に遷移する (FAILED - 13)[0m
[32m      Log inを押すと、ログイン画面に遷移する[0m
  ユーザ新規登録のテスト
    表示内容の確認
[32m      URLが正しい[0m
[32m      「Sign up」と表示される[0m
[32m      nameフォームが表示される[0m
[32m      emailフォームが表示される[0m
[32m      passwordフォームが表示される[0m
[32m      password_confirmationフォームが表示される[0m
[32m      Sign upボタンが表示される[0m
    新規登録成功のテスト
[31m      正しく新規登録される (FAILED - 14)[0m
[31m      新規登録後のリダイレクト先が、新規登録できたユーザの詳細画面になっている (FAILED - 15)[0m
  ユーザログイン
    表示内容の確認
[32m      URLが正しい[0m
[32m      「Log in」と表示される[0m
[32m      nameフォームが表示される[0m
[32m      passwordフォームが表示される[0m
[32m      Log inボタンが表示される[0m
[32m      emailフォームは表示されない[0m
    ログイン成功のテスト
[32m      ログイン後のリダイレクト先が、ログインしたユーザの詳細画面になっている[0m
    ログイン失敗のテスト
[32m      ログインに失敗し、ログイン画面にリダイレクトされる[0m
  ヘッダーのテスト: ログインしている場合
    ヘッダーの表示を確認
[31m      Bookersリンクが表示される: 左上から1番目のリンクが「Bookers」である (FAILED - 16)[0m
[31m      Homeリンクが表示される: 左上から2番目のリンクが「Home」である (FAILED - 17)[0m
[31m      Usersリンクが表示される: 左上から3番目のリンクが「Users」である (FAILED - 18)[0m
[31m      Booksリンクが表示される: 左上から4番目のリンクが「Books」である (FAILED - 19)[0m
[31m      Log outリンクが表示される: 左上から5番目のリンクが「Log out」である (FAILED - 20)[0m
  ユーザログアウトのテスト
    ログアウト機能のテスト
[31m      正しくログアウトできている: ログアウト後のリダイレクト先においてAbout画面へのリンクが存在する (FAILED - 21)[0m
[31m      ログアウト後のリダイレクト先が、トップになっている (FAILED - 22)[0m

[STEP2] ユーザログイン後のテスト
  ヘッダーのテスト: ログインしている場合
    リンクの内容を確認: ※logoutは『ユーザログアウトのテスト』でテスト済みになります。
[31m      Homeを押すと、自分のユーザ詳細画面に遷移する (FAILED - 23)[0m
[31m      Usersを押すと、ユーザ一覧画面に遷移する (FAILED - 24)[0m
[31m      Booksを押すと、投稿一覧画面に遷移する (FAILED - 25)[0m
  投稿一覧画面のテスト
    表示内容の確認
[32m      URLが正しい[0m
[31m      自分と他人の画像のリンク先が正しい (FAILED - 26)[0m
[32m      自分の投稿と他人の投稿のタイトルのリンク先がそれぞれ正しい[0m
[32m      自分の投稿と他人の投稿のオピニオンが表示される[0m
    サイドバーの確認
[32m      自分の名前と紹介文が表示される[0m
[32m      自分のユーザ編集画面へのリンクが存在する[0m
[32m      「New book」と表示される[0m
[32m      titleフォームが表示される[0m
[32m      titleフォームに値が入っていない[0m
[32m      bodyフォームが表示される[0m
[32m      bodyフォームに値が入っていない[0m
[32m      Create Bookボタンが表示される[0m
    投稿成功のテスト
[32m      自分の新しい投稿が正しく保存される[0m
[32m      リダイレクト先が、保存できた投稿の詳細画面になっている[0m
  自分の投稿詳細画面のテスト
    表示内容の確認
[32m      URLが正しい[0m
[32m      「Book detail」と表示される[0m
[32m      ユーザ画像・名前のリンク先が正しい[0m
[32m      投稿のtitleが表示される[0m
[32m      投稿のbodyが表示される[0m
[32m      投稿の編集リンクが表示される[0m
[32m      投稿の削除リンクが表示される[0m
    サイドバーの確認
[32m      自分の名前と紹介文が表示される[0m
[32m      自分のユーザ編集画面へのリンクが存在する[0m
[32m      「New book」と表示される[0m
[32m      titleフォームが表示される[0m
[32m      titleフォームに値が入っていない[0m
[32m      bodyフォームが表示される[0m
[31m      bodyフォームに値が入っていない (FAILED - 27)[0m
[32m      Create Bookボタンが表示される[0m
    投稿成功のテスト
[31m      自分の新しい投稿が正しく保存される (FAILED - 28)[0m
    編集リンクのテスト
[31m      編集画面に遷移する (FAILED - 29)[0m
    削除リンクのテスト
[32m      application.html.erbにjavascript_pack_tagを含んでいる[0m
[32m      正しく削除される[0m
[32m      リダイレクト先が、投稿一覧画面になっている[0m
  自分の投稿編集画面のテスト
    表示の確認
[32m      URLが正しい[0m
[32m      「Editing Book」と表示される[0m
[32m      title編集フォームが表示される[0m
[32m      body編集フォームが表示される[0m
[32m      Update Bookボタンが表示される[0m
[31m      Showリンクが表示される (FAILED - 30)[0m
[31m      Backリンクが表示される (FAILED - 31)[0m
    編集成功のテスト
[32m      titleが正しく更新される[0m
[32m      bodyが正しく更新される[0m
[32m      リダイレクト先が、更新した投稿の詳細画面になっている[0m
  ユーザ一覧画面のテスト
    表示内容の確認
[31m      URLが正しい (FAILED - 32)[0m
[31m      自分と他人の画像が表示される: fallbackの画像がサイドバーの1つ＋一覧(2人)の2つの計3つ存在する (FAILED - 33)[0m
[31m      自分と他人の名前がそれぞれ表示される (FAILED - 34)[0m
[31m      自分と他人のshowリンクがそれぞれ表示される (FAILED - 35)[0m
    サイドバーの確認
[31m      自分の名前と紹介文が表示される (FAILED - 36)[0m
[31m      自分のユーザ編集画面へのリンクが存在する (FAILED - 37)[0m
[31m      「New book」と表示される (FAILED - 38)[0m
[31m      titleフォームが表示される (FAILED - 39)[0m
[31m      titleフォームに値が入っていない (FAILED - 40)[0m
[31m      bodyフォームが表示される (FAILED - 41)[0m
[31m      bodyフォームに値が入っていない (FAILED - 42)[0m
[31m      Create Bookボタンが表示される (FAILED - 43)[0m
  自分のユーザ詳細画面のテスト
    表示の確認
[32m      URLが正しい[0m
[32m      投稿一覧のユーザ画像のリンク先が正しい[0m
[32m      投稿一覧に自分の投稿のtitleが表示され、リンクが正しい[0m
[32m      投稿一覧に自分の投稿のbodyが表示される[0m
[32m      他人の投稿は表示されない[0m
    サイドバーの確認
[32m      自分の名前と紹介文が表示される[0m
[32m      自分のユーザ編集画面へのリンクが存在する[0m
[32m      「New book」と表示される[0m
[32m      titleフォームが表示される[0m
[32m      titleフォームに値が入っていない[0m
[32m      bodyフォームが表示される[0m
[32m      bodyフォームに値が入っていない[0m
[32m      Create Bookボタンが表示される[0m
  自分のユーザ情報編集画面のテスト
    表示の確認
[32m      URLが正しい[0m
[32m      名前編集フォームに自分の名前が表示される[0m
[32m      画像編集フォームが表示される[0m
[32m      自己紹介編集フォームに自分の自己紹介文が表示される[0m
[31m      Update Userボタンが表示される (FAILED - 44)[0m
    更新成功のテスト
[31m      nameが正しく更新される (FAILED - 45)[0m
[31m      introductionが正しく更新される (FAILED - 46)[0m
[31m      リダイレクト先が、自分のユーザ詳細画面になっている (FAILED - 47)[0m

[STEP3] 仕上げのテスト
  サクセスメッセージのテスト
[31m    ユーザ新規登録成功時 (FAILED - 48)[0m
[32m    ユーザログイン成功時[0m
[31m    ユーザログアウト成功時 (FAILED - 49)[0m
[31m    ユーザのプロフィール情報更新成功時 (FAILED - 50)[0m
[32m    投稿データの新規投稿成功時: 投稿一覧画面から行います。[0m
[32m    投稿データの更新成功時[0m
  処理失敗時のテスト
    ユーザ新規登録失敗: nameを1文字にする
[32m      新規登録されない[0m
[31m      新規登録画面を表示しており、フォームの内容が正しい (FAILED - 51)[0m
[32m      バリデーションエラーが表示される[0m
    ユーザのプロフィール情報編集失敗: nameを1文字にする
[31m      更新されない (FAILED - 52)[0m
[31m      ユーザ編集画面を表示しており、フォームの内容が正しい (FAILED - 53)[0m
[31m      バリデーションエラーが表示される (FAILED - 54)[0m
    投稿データの新規投稿失敗: 投稿一覧画面から行い、titleを空にする
[32m      投稿が保存されない[0m
[31m      投稿一覧画面を表示している (FAILED - 55)[0m
[32m      新規投稿フォームの内容が正しい[0m
[32m      バリデーションエラーが表示される[0m
    投稿データの更新失敗: titleを空にする
[32m      投稿が更新されない[0m
[32m      投稿編集画面を表示しており、フォームの内容が正しい[0m
[31m      エラーメッセージが表示される (FAILED - 56)[0m
  ログインしていない場合のアクセス制限のテスト: アクセスできず、ログイン画面に遷移する
[32m    ユーザ一覧画面[0m
[32m    ユーザ詳細画面[0m
[32m    ユーザ情報編集画面[0m
[32m    投稿一覧画面[0m
[32m    投稿詳細画面[0m
[32m    投稿編集画面[0m
  他人の画面のテスト
    他人の投稿詳細画面のテスト
      表示内容の確認
[32m        URLが正しい[0m
[32m        「Book detail」と表示される[0m
[32m        ユーザ画像・名前のリンク先が正しい[0m
[32m        投稿のtitleが表示される[0m
[32m        投稿のopinionが表示される[0m
[31m        投稿の編集リンクが表示されない (FAILED - 57)[0m
[32m        投稿の削除リンクが表示されない[0m
      サイドバーの確認
[31m        他人の名前と紹介文が表示される (FAILED - 58)[0m
[31m        他人のユーザ編集画面へのリンクが存在する (FAILED - 59)[0m
[31m        自分の名前と紹介文は表示されない (FAILED - 60)[0m
[31m        自分のユーザ編集画面へのリンクは存在しない (FAILED - 61)[0m
    他人の投稿編集画面
[31m      遷移できず、投稿一覧画面にリダイレクトされる (FAILED - 62)[0m
    他人のユーザ詳細画面のテスト
      表示の確認
[32m        URLが正しい[0m
[31m        投稿一覧のユーザ画像のリンク先が正しい (FAILED - 63)[0m
[32m        投稿一覧に他人の投稿のtitleが表示され、リンクが正しい[0m
[32m        投稿一覧に他人の投稿のopinionが表示される[0m
[32m        自分の投稿は表示されない[0m
      サイドバーの確認
[32m        他人の名前と紹介文が表示される[0m
[31m        他人のユーザ編集画面へのリンクが存在する (FAILED - 64)[0m
[32m        自分の名前と紹介文は表示されない[0m
[32m        自分のユーザ編集画面へのリンクは存在しない[0m
    他人のユーザ情報編集画面
[31m      遷移できず、自分のユーザ詳細画面にリダイレクトされる (FAILED - 65)[0m
  グリッドシステムのテスト: container, row, col-md-〇を正しく使えている
[31m    ユーザ一覧画面 (FAILED - 66)[0m
[31m    ユーザ詳細画面 (FAILED - 67)[0m
[31m    投稿一覧画面 (FAILED - 68)[0m
[31m    投稿詳細画面 (FAILED - 69)[0m
  アイコンのテスト
    トップ画面
[32m      本のアイコンが表示される[0m
    アバウト画面
[31m      本のアイコンが表示される (FAILED - 70)[0m
    ヘッダー: ログインしていない場合
[32m      Homeリンクのアイコンが表示される[0m
[32m      Aboutリンクのアイコンが表示される[0m
[32m      Sign upリンクのアイコンが表示される[0m
[32m      Log inリンクのアイコンが表示される[0m
    ヘッダー: ログインしている場合
[32m      Homeリンクのアイコンが表示される[0m
[32m      Usersリンクのアイコンが表示される[0m
[32m      Booksリンクのアイコンが表示される[0m
[32m      Log outリンクのアイコンが表示される[0m
    サイドバー
[31m      ユーザ一覧画面でレンチアイコンが表示される (FAILED - 71)[0m
[32m      ユーザ詳細画面でレンチアイコンが表示される[0m
[32m      投稿一覧画面でレンチアイコンが表示される[0m
[32m      投稿詳細画面でレンチアイコンが表示される[0m

Failures:

  1) Userモデルのテスト バリデーションのテスト nameカラム 一意性があること
     [31mFailure/Error: is_expected.to eq false[0m
     [31m[0m
     [31m  expected: false[0m
     [31m       got: true[0m
     [31m[0m
     [31m  (compared using ==)[0m
     [31m[0m
     [31m  Diff:[0m[0m
     [31m  [0m[34m@@ -1 +1 @@[0m
     [31m  [0m[31m-false[0m
     [31m  [0m[32m+true[0m
     [31m  [0m[0m
     [36m# ./spec/models/user_spec.rb:33:in `block (4 levels) in <main>'[0m

  2) [STEP1] ユーザログイン前のテスト トップ画面のテスト 表示内容の確認 Log inリンクが表示される: 青色のボタンの表示が「Log in」である
     [31mFailure/Error: expect(log_in_link).to match(/Log in/)[0m
     [31m[0m
     [31m  expected "Sign up" to match /Log in/[0m
     [31m  Diff:[0m[0m
     [31m  [0m[34m@@ -1 +1 @@[0m
     [31m  [0m[31m-/Log in/[0m
     [31m  [0m[32m+"Sign up"[0m
     [31m  [0m[0m
     [36m# ./spec/system/01_before_login_spec.rb:15:in `block (4 levels) in <main>'[0m

  3) [STEP1] ユーザログイン前のテスト トップ画面のテスト 表示内容の確認 Log inリンクの内容が正しい
     [31mFailure/Error: expect(page).to have_link log_in_link, href: new_user_session_path[0m
     [31m  expected to find link "Sign up" with href "/users/sign_in" but there were no matches[0m
     [36m# ./spec/system/01_before_login_spec.rb:19:in `block (4 levels) in <main>'[0m

  4) [STEP1] ユーザログイン前のテスト トップ画面のテスト 表示内容の確認 Sign upリンクが表示される: 緑色のボタンの表示が「Sign up」である
     [31mFailure/Error: sign_up_link = find_all('a')[6].text[0m
     [31m[0m
     [31mNoMethodError:[0m
     [31m  undefined method `text' for nil:NilClass[0m
     [31m[0m
     [31m          sign_up_link = find_all('a')[6].text[0m
     [31m                                         ^^^^^[0m
     [36m# ./spec/system/01_before_login_spec.rb:22:in `block (4 levels) in <main>'[0m

  5) [STEP1] ユーザログイン前のテスト トップ画面のテスト 表示内容の確認 Sign upリンクの内容が正しい
     [31mFailure/Error: sign_up_link = find_all('a')[6].text[0m
     [31m[0m
     [31mNoMethodError:[0m
     [31m  undefined method `text' for nil:NilClass[0m
     [31m[0m
     [31m          sign_up_link = find_all('a')[6].text[0m
     [31m                                         ^^^^^[0m
     [36m# ./spec/system/01_before_login_spec.rb:26:in `block (4 levels) in <main>'[0m

  6) [STEP1] ユーザログイン前のテスト アバウト画面のテスト 表示内容の確認 URLが正しい
     [31mFailure/Error: visit '/home/about'[0m
     [31m[0m
     [31mActionController::RoutingError:[0m
     [31m  No route matches [GET] "/home/about"[0m
     [36m# /home/ec2-user/.rvm/gems/ruby-3.1.2/gems/railties-6.1.7.6/lib/rails/rack/logger.rb:37:in `call_app'[0m
     [36m# /home/ec2-user/.rvm/gems/ruby-3.1.2/gems/railties-6.1.7.6/lib/rails/rack/logger.rb:26:in `block in call'[0m
     [36m# /home/ec2-user/.rvm/gems/ruby-3.1.2/gems/railties-6.1.7.6/lib/rails/rack/logger.rb:26:in `call'[0m
     [36m# /home/ec2-user/.rvm/gems/ruby-3.1.2/gems/rack-2.2.8/lib/rack/method_override.rb:24:in `call'[0m
     [36m# /home/ec2-user/.rvm/gems/ruby-3.1.2/gems/rack-2.2.8/lib/rack/runtime.rb:22:in `call'[0m
     [36m# /home/ec2-user/.rvm/gems/ruby-3.1.2/gems/rack-2.2.8/lib/rack/sendfile.rb:110:in `call'[0m
     [36m# /home/ec2-user/.rvm/gems/ruby-3.1.2/gems/railties-6.1.7.6/lib/rails/engine.rb:539:in `call'[0m
     [36m# /home/ec2-user/.rvm/gems/ruby-3.1.2/gems/rack-2.2.8/lib/rack/urlmap.rb:74:in `block in call'[0m
     [36m# /home/ec2-user/.rvm/gems/ruby-3.1.2/gems/rack-2.2.8/lib/rack/urlmap.rb:58:in `each'[0m
     [36m# /home/ec2-user/.rvm/gems/ruby-3.1.2/gems/rack-2.2.8/lib/rack/urlmap.rb:58:in `call'[0m
     [36m# /home/ec2-user/.rvm/gems/ruby-3.1.2/gems/rack-2.2.8/lib/rack/builder.rb:244:in `call'[0m
     [36m# /home/ec2-user/.rvm/gems/ruby-3.1.2/gems/rack-test-2.1.0/lib/rack/test.rb:360:in `process_request'[0m
     [36m# /home/ec2-user/.rvm/gems/ruby-3.1.2/gems/rack-test-2.1.0/lib/rack/test.rb:163:in `custom_request'[0m
     [36m# /home/ec2-user/.rvm/gems/ruby-3.1.2/gems/rack-test-2.1.0/lib/rack/test.rb:112:in `get'[0m
     [36m# /home/ec2-user/.rvm/gems/ruby-3.1.2/gems/capybara-3.39.2/lib/capybara/rack_test/browser.rb:80:in `process'[0m
     [36m# /home/ec2-user/.rvm/gems/ruby-3.1.2/gems/capybara-3.39.2/lib/capybara/rack_test/browser.rb:55:in `process_and_follow_redirects'[0m
     [36m# /home/ec2-user/.rvm/gems/ruby-3.1.2/gems/capybara-3.39.2/lib/capybara/rack_test/browser.rb:26:in `visit'[0m
     [36m# /home/ec2-user/.rvm/gems/ruby-3.1.2/gems/capybara-3.39.2/lib/capybara/rack_test/driver.rb:46:in `visit'[0m
     [36m# /home/ec2-user/.rvm/gems/ruby-3.1.2/gems/capybara-3.39.2/lib/capybara/session.rb:280:in `visit'[0m
     [36m# /home/ec2-user/.rvm/gems/ruby-3.1.2/gems/capybara-3.39.2/lib/capybara/dsl.rb:52:in `call'[0m
     [36m# /home/ec2-user/.rvm/gems/ruby-3.1.2/gems/capybara-3.39.2/lib/capybara/dsl.rb:52:in `visit'[0m
     [36m# ./spec/system/01_before_login_spec.rb:34:in `block (3 levels) in <main>'[0m

  7) [STEP1] ユーザログイン前のテスト ヘッダーのテスト: ログインしていない場合 表示内容の確認 Bookersリンクが表示される: 左上から1番目のリンクが「Bookers」である
     [31mFailure/Error: expect(home_link).to match(/Bookers/)[0m
     [31m[0m
     [31m  expected "Home" to match /Bookers/[0m
     [31m  Diff:[0m[0m
     [31m  [0m[34m@@ -1 +1 @@[0m
     [31m  [0m[31m-/Bookers/[0m
     [31m  [0m[32m+"Home"[0m
     [31m  [0m[0m
     [36m# ./spec/system/01_before_login_spec.rb:52:in `block (4 levels) in <main>'[0m

  8) [STEP1] ユーザログイン前のテスト ヘッダーのテスト: ログインしていない場合 表示内容の確認 Homeリンクが表示される: 左上から2番目のリンクが「Home」である
     [31mFailure/Error: expect(home_link).to match(/Home/)[0m
     [31m[0m
     [31m  expected "About" to match /Home/[0m
     [31m  Diff:[0m[0m
     [31m  [0m[34m@@ -1 +1 @@[0m
     [31m  [0m[31m-/Home/[0m
     [31m  [0m[32m+"About"[0m
     [31m  [0m[0m
     [36m# ./spec/system/01_before_login_spec.rb:56:in `block (4 levels) in <main>'[0m

  9) [STEP1] ユーザログイン前のテスト ヘッダーのテスト: ログインしていない場合 表示内容の確認 Aboutリンクが表示される: 左上から3番目のリンクが「About」である
     [31mFailure/Error: expect(about_link).to match(/About/)[0m
     [31m[0m
     [31m  expected "Sign up" to match /About/[0m
     [31m  Diff:[0m[0m
     [31m  [0m[34m@@ -1 +1 @@[0m
     [31m  [0m[31m-/About/[0m
     [31m  [0m[32m+"Sign up"[0m
     [31m  [0m[0m
     [36m# ./spec/system/01_before_login_spec.rb:60:in `block (4 levels) in <main>'[0m

  10) [STEP1] ユーザログイン前のテスト ヘッダーのテスト: ログインしていない場合 表示内容の確認 Sign upリンクが表示される: 左上から4番目のリンクが「Sign up」である
      [31mFailure/Error: expect(signup_link).to match(/Sign up/)[0m
      [31m[0m
      [31m  expected "Log in" to match /Sign up/[0m
      [31m  Diff:[0m[0m
      [31m  [0m[34m@@ -1 +1 @@[0m
      [31m  [0m[31m-/Sign up/[0m
      [31m  [0m[32m+"Log in"[0m
      [31m  [0m[0m
      [36m# ./spec/system/01_before_login_spec.rb:64:in `block (4 levels) in <main>'[0m

  11) [STEP1] ユーザログイン前のテスト ヘッダーのテスト: ログインしていない場合 リンクの内容を確認 Homeを押すと、トップ画面に遷移する
      [31mFailure/Error: is_expected.to eq '/'[0m
      [31m[0m
      [31m  expected: "/"[0m
      [31m       got: "/homes/about"[0m
      [31m[0m
      [31m  (compared using ==)[0m
      [36m# ./spec/system/01_before_login_spec.rb:87:in `block (4 levels) in <main>'[0m

  12) [STEP1] ユーザログイン前のテスト ヘッダーのテスト: ログインしていない場合 リンクの内容を確認 Aboutを押すと、アバウト画面に遷移する
      [31mFailure/Error: click_link about_link[0m
      [31m[0m
      [31mCapybara::Ambiguous:[0m
      [31m  Ambiguous match, found 2 elements matching visible link "Sign up"[0m
      [36m# /home/ec2-user/.rvm/gems/ruby-3.1.2/gems/capybara-3.39.2/lib/capybara/node/finders.rb:310:in `block in synced_resolve'[0m
      [36m# /home/ec2-user/.rvm/gems/ruby-3.1.2/gems/capybara-3.39.2/lib/capybara/node/base.rb:84:in `synchronize'[0m
      [36m# /home/ec2-user/.rvm/gems/ruby-3.1.2/gems/capybara-3.39.2/lib/capybara/node/finders.rb:301:in `synced_resolve'[0m
      [36m# /home/ec2-user/.rvm/gems/ruby-3.1.2/gems/capybara-3.39.2/lib/capybara/node/finders.rb:60:in `find'[0m
      [36m# /home/ec2-user/.rvm/gems/ruby-3.1.2/gems/capybara-3.39.2/lib/capybara/node/actions.rb:42:in `click_link'[0m
      [36m# /home/ec2-user/.rvm/gems/ruby-3.1.2/gems/capybara-3.39.2/lib/capybara/session.rb:773:in `click_link'[0m
      [36m# /home/ec2-user/.rvm/gems/ruby-3.1.2/gems/capybara-3.39.2/lib/capybara/dsl.rb:52:in `call'[0m
      [36m# /home/ec2-user/.rvm/gems/ruby-3.1.2/gems/capybara-3.39.2/lib/capybara/dsl.rb:52:in `click_link'[0m
      [36m# ./spec/system/01_before_login_spec.rb:92:in `block (4 levels) in <main>'[0m

  13) [STEP1] ユーザログイン前のテスト ヘッダーのテスト: ログインしていない場合 リンクの内容を確認 Sign upを押すと、新規登録画面に遷移する
      [31mFailure/Error: is_expected.to eq '/users/sign_up'[0m
      [31m[0m
      [31m  expected: "/users/sign_up"[0m
      [31m       got: "/users/sign_in"[0m
      [31m[0m
      [31m  (compared using ==)[0m
      [36m# ./spec/system/01_before_login_spec.rb:99:in `block (4 levels) in <main>'[0m

  14) [STEP1] ユーザログイン前のテスト ユーザ新規登録のテスト 新規登録成功のテスト 正しく新規登録される
      [31mFailure/Error: expect { click_button 'Sign up' }.to change(User.all, :count).by(1)[0m
      [31m  expected `User::ActiveRecord_Relation#count` to have changed by 1, but was changed by 0[0m
      [36m# ./spec/system/01_before_login_spec.rb:148:in `block (4 levels) in <main>'[0m

  15) [STEP1] ユーザログイン前のテスト ユーザ新規登録のテスト 新規登録成功のテスト 新規登録後のリダイレクト先が、新規登録できたユーザの詳細画面になっている
      [31mFailure/Error: expect(current_path).to eq '/users/' + User.last.id.to_s[0m
      [31m[0m
      [31mNoMethodError:[0m
      [31m  undefined method `id' for nil:NilClass[0m
      [31m[0m
      [31m          expect(current_path).to eq '/users/' + User.last.id.to_s[0m
      [31m                                                          ^^^[0m
      [36m# ./spec/system/01_before_login_spec.rb:152:in `block (4 levels) in <main>'[0m

  16) [STEP1] ユーザログイン前のテスト ヘッダーのテスト: ログインしている場合 ヘッダーの表示を確認 Bookersリンクが表示される: 左上から1番目のリンクが「Bookers」である
      [31mFailure/Error: expect(home_link).to match(/Bookers/)[0m
      [31m[0m
      [31m  expected "Home" to match /Bookers/[0m
      [31m  Diff:[0m[0m
      [31m  [0m[34m@@ -1 +1 @@[0m
      [31m  [0m[31m-/Bookers/[0m
      [31m  [0m[32m+"Home"[0m
      [31m  [0m[0m
      [36m# ./spec/system/01_before_login_spec.rb:223:in `block (4 levels) in <main>'[0m

  17) [STEP1] ユーザログイン前のテスト ヘッダーのテスト: ログインしている場合 ヘッダーの表示を確認 Homeリンクが表示される: 左上から2番目のリンクが「Home」である
      [31mFailure/Error: expect(home_link).to match(/Home/)[0m
      [31m[0m
      [31m  expected "Users" to match /Home/[0m
      [31m  Diff:[0m[0m
      [31m  [0m[34m@@ -1 +1 @@[0m
      [31m  [0m[31m-/Home/[0m
      [31m  [0m[32m+"Users"[0m
      [31m  [0m[0m
      [36m# ./spec/system/01_before_login_spec.rb:227:in `block (4 levels) in <main>'[0m

  18) [STEP1] ユーザログイン前のテスト ヘッダーのテスト: ログインしている場合 ヘッダーの表示を確認 Usersリンクが表示される: 左上から3番目のリンクが「Users」である
      [31mFailure/Error: expect(users_link).to match(/Users/)[0m
      [31m[0m
      [31m  expected "Books" to match /Users/[0m
      [31m  Diff:[0m[0m
      [31m  [0m[34m@@ -1 +1 @@[0m
      [31m  [0m[31m-/Users/[0m
      [31m  [0m[32m+"Books"[0m
      [31m  [0m[0m
      [36m# ./spec/system/01_before_login_spec.rb:231:in `block (4 levels) in <main>'[0m

  19) [STEP1] ユーザログイン前のテスト ヘッダーのテスト: ログインしている場合 ヘッダーの表示を確認 Booksリンクが表示される: 左上から4番目のリンクが「Books」である
      [31mFailure/Error: expect(books_link).to match(/Books/)[0m
      [31m[0m
      [31m  expected "Log out" to match /Books/[0m
      [31m  Diff:[0m[0m
      [31m  [0m[34m@@ -1 +1 @@[0m
      [31m  [0m[31m-/Books/[0m
      [31m  [0m[32m+"Log out"[0m
      [31m  [0m[0m
      [36m# ./spec/system/01_before_login_spec.rb:235:in `block (4 levels) in <main>'[0m

  20) [STEP1] ユーザログイン前のテスト ヘッダーのテスト: ログインしている場合 ヘッダーの表示を確認 Log outリンクが表示される: 左上から5番目のリンクが「Log out」である
      [31mFailure/Error: expect(logout_link).to match(/Log out/)[0m
      [31m[0m
      [31m  expected "" to match /Log out/[0m
      [31m  Diff:[0m[0m
      [31m  [0m[34m@@ -1 +1 @@[0m
      [31m  [0m[31m-/Log out/[0m
      [31m  [0m[32m+""[0m
      [31m  [0m[0m
      [36m# ./spec/system/01_before_login_spec.rb:239:in `block (4 levels) in <main>'[0m

  21) [STEP1] ユーザログイン前のテスト ユーザログアウトのテスト ログアウト機能のテスト 正しくログアウトできている: ログアウト後のリダイレクト先においてAbout画面へのリンクが存在する
      [31mFailure/Error: expect(page).to have_link '', href: '/home/about'[0m
      [31m  expected to find link "" with href "/home/about" but there were no matches[0m
      [36m# ./spec/system/01_before_login_spec.rb:259:in `block (4 levels) in <main>'[0m

  22) [STEP1] ユーザログイン前のテスト ユーザログアウトのテスト ログアウト機能のテスト ログアウト後のリダイレクト先が、トップになっている
      [31mFailure/Error: expect(current_path).to eq '/'[0m
      [31m[0m
      [31m  expected: "/"[0m
      [31m       got: "/users/1/edit"[0m
      [31m[0m
      [31m  (compared using ==)[0m
      [36m# ./spec/system/01_before_login_spec.rb:262:in `block (4 levels) in <main>'[0m

  23) [STEP2] ユーザログイン後のテスト ヘッダーのテスト: ログインしている場合 リンクの内容を確認: ※logoutは『ユーザログアウトのテスト』でテスト済みになります。 Homeを押すと、自分のユーザ詳細画面に遷移する
      [31mFailure/Error: <td><%= @user.user_introduction %></td>[0m
      [31m[0m
      [31mActionView::Template::Error:[0m
      [31m  undefined method `user_introduction' for #<User id: 1, email: "lloyd@kuvalis.test", name: "8kkcsjqajd", created_at: "2023-12-13 08:13:16.850701000 +0000", updated_at: "2023-12-13 08:13:16.863047000 +0000", introduction: "qt3vwd7gp07ex6yvpl4p">[0m
      [36m# ./app/views/users/index.html.erb:17:in `_app_views_users_index_html_erb___4493874604543645665_27160'[0m
      [36m# /home/ec2-user/.rvm/gems/ruby-3.1.2/gems/actiontext-6.1.7.6/lib/action_text/rendering.rb:20:in `with_renderer'[0m
      [36m# /home/ec2-user/.rvm/gems/ruby-3.1.2/gems/actiontext-6.1.7.6/lib/action_text/engine.rb:59:in `block (4 levels) in <class:Engine>'[0m
      [36m# /home/ec2-user/.rvm/gems/ruby-3.1.2/gems/warden-1.2.9/lib/warden/manager.rb:36:in `block in call'[0m
      [36m# /home/ec2-user/.rvm/gems/ruby-3.1.2/gems/warden-1.2.9/lib/warden/manager.rb:34:in `catch'[0m
      [36m# /home/ec2-user/.rvm/gems/ruby-3.1.2/gems/warden-1.2.9/lib/warden/manager.rb:34:in `call'[0m
      [36m# /home/ec2-user/.rvm/gems/ruby-3.1.2/gems/rack-2.2.8/lib/rack/tempfile_reaper.rb:15:in `call'[0m
      [36m# /home/ec2-user/.rvm/gems/ruby-3.1.2/gems/rack-2.2.8/lib/rack/etag.rb:27:in `call'[0m
      [36m# /home/ec2-user/.rvm/gems/ruby-3.1.2/gems/rack-2.2.8/lib/rack/conditional_get.rb:27:in `call'[0m
      [36m# /home/ec2-user/.rvm/gems/ruby-3.1.2/gems/rack-2.2.8/lib/rack/head.rb:12:in `call'[0m
      [36m# /home/ec2-user/.rvm/gems/ruby-3.1.2/gems/rack-2.2.8/lib/rack/session/abstract/id.rb:266:in `context'[0m
      [36m# /home/ec2-user/.rvm/gems/ruby-3.1.2/gems/rack-2.2.8/lib/rack/session/abstract/id.rb:260:in `call'[0m
      [36m# /home/ec2-user/.rvm/gems/ruby-3.1.2/gems/railties-6.1.7.6/lib/rails/rack/logger.rb:37:in `call_app'[0m
      [36m# /home/ec2-user/.rvm/gems/ruby-3.1.2/gems/railties-6.1.7.6/lib/rails/rack/logger.rb:26:in `block in call'[0m
      [36m# /home/ec2-user/.rvm/gems/ruby-3.1.2/gems/railties-6.1.7.6/lib/rails/rack/logger.rb:26:in `call'[0m
      [36m# /home/ec2-user/.rvm/gems/ruby-3.1.2/gems/rack-2.2.8/lib/rack/method_override.rb:24:in `call'[0m
      [36m# /home/ec2-user/.rvm/gems/ruby-3.1.2/gems/rack-2.2.8/lib/rack/runtime.rb:22:in `call'[0m
      [36m# /home/ec2-user/.rvm/gems/ruby-3.1.2/gems/rack-2.2.8/lib/rack/sendfile.rb:110:in `call'[0m
      [36m# /home/ec2-user/.rvm/gems/ruby-3.1.2/gems/railties-6.1.7.6/lib/rails/engine.rb:539:in `call'[0m
      [36m# /home/ec2-user/.rvm/gems/ruby-3.1.2/gems/rack-2.2.8/lib/rack/urlmap.rb:74:in `block in call'[0m
      [36m# /home/ec2-user/.rvm/gems/ruby-3.1.2/gems/rack-2.2.8/lib/rack/urlmap.rb:58:in `each'[0m
      [36m# /home/ec2-user/.rvm/gems/ruby-3.1.2/gems/rack-2.2.8/lib/rack/urlmap.rb:58:in `call'[0m
      [36m# /home/ec2-user/.rvm/gems/ruby-3.1.2/gems/rack-2.2.8/lib/rack/builder.rb:244:in `call'[0m
      [36m# /home/ec2-user/.rvm/gems/ruby-3.1.2/gems/rack-test-2.1.0/lib/rack/test.rb:360:in `process_request'[0m
      [36m# /home/ec2-user/.rvm/gems/ruby-3.1.2/gems/rack-test-2.1.0/lib/rack/test.rb:163:in `custom_request'[0m
      [36m# /home/ec2-user/.rvm/gems/ruby-3.1.2/gems/rack-test-2.1.0/lib/rack/test.rb:112:in `get'[0m
      [36m# /home/ec2-user/.rvm/gems/ruby-3.1.2/gems/capybara-3.39.2/lib/capybara/rack_test/browser.rb:80:in `process'[0m
      [36m# /home/ec2-user/.rvm/gems/ruby-3.1.2/gems/capybara-3.39.2/lib/capybara/rack_test/browser.rb:55:in `process_and_follow_redirects'[0m
      [36m# /home/ec2-user/.rvm/gems/ruby-3.1.2/gems/capybara-3.39.2/lib/capybara/rack_test/browser.rb:50:in `follow'[0m
      [36m# /home/ec2-user/.rvm/gems/ruby-3.1.2/gems/capybara-3.39.2/lib/capybara/rack_test/node.rb:252:in `follow_link'[0m
      [36m# /home/ec2-user/.rvm/gems/ruby-3.1.2/gems/capybara-3.39.2/lib/capybara/rack_test/node.rb:66:in `click'[0m
      [36m# /home/ec2-user/.rvm/gems/ruby-3.1.2/gems/capybara-3.39.2/lib/capybara/rack_test/node.rb:132:in `call'[0m
      [36m# /home/ec2-user/.rvm/gems/ruby-3.1.2/gems/capybara-3.39.2/lib/capybara/rack_test/node.rb:132:in `click'[0m
      [36m# /home/ec2-user/.rvm/gems/ruby-3.1.2/gems/capybara-3.39.2/lib/capybara/node/element.rb:172:in `block in click'[0m
      [36m# /home/ec2-user/.rvm/gems/ruby-3.1.2/gems/capybara-3.39.2/lib/capybara/node/element.rb:608:in `block in perform_click_action'[0m
      [36m# /home/ec2-user/.rvm/gems/ruby-3.1.2/gems/capybara-3.39.2/lib/capybara/node/base.rb:84:in `synchronize'[0m
      [36m# /home/ec2-user/.rvm/gems/ruby-3.1.2/gems/capybara-3.39.2/lib/capybara/node/element.rb:608:in `perform_click_action'[0m
      [36m# /home/ec2-user/.rvm/gems/ruby-3.1.2/gems/capybara-3.39.2/lib/capybara/node/element.rb:171:in `click'[0m
      [36m# /home/ec2-user/.rvm/gems/ruby-3.1.2/gems/capybara-3.39.2/lib/capybara/node/actions.rb:42:in `click_link'[0m
      [36m# /home/ec2-user/.rvm/gems/ruby-3.1.2/gems/capybara-3.39.2/lib/capybara/session.rb:773:in `click_link'[0m
      [36m# /home/ec2-user/.rvm/gems/ruby-3.1.2/gems/capybara-3.39.2/lib/capybara/dsl.rb:52:in `call'[0m
      [36m# /home/ec2-user/.rvm/gems/ruby-3.1.2/gems/capybara-3.39.2/lib/capybara/dsl.rb:52:in `click_link'[0m
      [36m# ./spec/system/02_after_login_spec.rb:23:in `block (4 levels) in <main>'[0m
      [36m# ------------------[0m
      [36m# --- Caused by: ---[0m
      [36m# NoMethodError:[0m
      [36m#   undefined method `user_introduction' for #<User id: 1, email: "lloyd@kuvalis.test", name: "8kkcsjqajd", created_at: "2023-12-13 08:13:16.850701000 +0000", updated_at: "2023-12-13 08:13:16.863047000 +0000", introduction: "qt3vwd7gp07ex6yvpl4p">[0m
      [36m#   ./app/views/users/index.html.erb:17:in `_app_views_users_index_html_erb___4493874604543645665_27160'[0m

  24) [STEP2] ユーザログイン後のテスト ヘッダーのテスト: ログインしている場合 リンクの内容を確認: ※logoutは『ユーザログアウトのテスト』でテスト済みになります。 Usersを押すと、ユーザ一覧画面に遷移する
      [31mFailure/Error: is_expected.to eq '/users'[0m
      [31m[0m
      [31m  expected: "/users"[0m
      [31m       got: "/books"[0m
      [31m[0m
      [31m  (compared using ==)[0m
      [36m# ./spec/system/02_after_login_spec.rb:30:in `block (4 levels) in <main>'[0m

  25) [STEP2] ユーザログイン後のテスト ヘッダーのテスト: ログインしている場合 リンクの内容を確認: ※logoutは『ユーザログアウトのテスト』でテスト済みになります。 Booksを押すと、投稿一覧画面に遷移する
      [31mFailure/Error: is_expected.to eq '/books'[0m
      [31m[0m
      [31m  expected: "/books"[0m
      [31m       got: "/"[0m
      [31m[0m
      [31m  (compared using ==)[0m
      [36m# ./spec/system/02_after_login_spec.rb:36:in `block (4 levels) in <main>'[0m

  26) [STEP2] ユーザログイン後のテスト 投稿一覧画面のテスト 表示内容の確認 自分と他人の画像のリンク先が正しい
      [31mFailure/Error: expect(page).to have_link '', href: user_path(other_book.user)[0m
      [31m  expected to find link "" with href "/users/2" but there were no matches[0m
      [36m# ./spec/system/02_after_login_spec.rb:52:in `block (4 levels) in <main>'[0m

  27) [STEP2] ユーザログイン後のテスト 自分の投稿詳細画面のテスト サイドバーの確認 bodyフォームに値が入っていない
      [31mFailure/Error: expect(find_field('book[body]').text).to be_blank[0m
      [31m  expected `"jxj891ltqcqn87rcrdm9".blank?` to be truthy, got false[0m
      [36m# ./spec/system/02_after_login_spec.rb:158:in `block (4 levels) in <main>'[0m

  28) [STEP2] ユーザログイン後のテスト 自分の投稿詳細画面のテスト 投稿成功のテスト 自分の新しい投稿が正しく保存される
      [31mFailure/Error: expect { click_button 'Create Book' }.to change(user.books, :count).by(1)[0m
      [31m  expected `Book::ActiveRecord_Associations_CollectionProxy#count` to have changed by 1, but was changed by 0[0m
      [36m# ./spec/system/02_after_login_spec.rb:172:in `block (4 levels) in <main>'[0m

  29) [STEP2] ユーザログイン後のテスト 自分の投稿詳細画面のテスト 編集リンクのテスト 編集画面に遷移する
      [31mFailure/Error: user = User.find(params[:id])[0m
      [31m[0m
      [31mActiveRecord::RecordNotFound:[0m
      [31m  Couldn't find User with 'id'=3[0m
      [36m# ./app/controllers/books_controller.rb:62:in `is_matching_login_user'[0m
      [36m# /home/ec2-user/.rvm/gems/ruby-3.1.2/gems/actiontext-6.1.7.6/lib/action_text/rendering.rb:20:in `with_renderer'[0m
      [36m# /home/ec2-user/.rvm/gems/ruby-3.1.2/gems/actiontext-6.1.7.6/lib/action_text/engine.rb:59:in `block (4 levels) in <class:Engine>'[0m
      [36m# /home/ec2-user/.rvm/gems/ruby-3.1.2/gems/warden-1.2.9/lib/warden/manager.rb:36:in `block in call'[0m
      [36m# /home/ec2-user/.rvm/gems/ruby-3.1.2/gems/warden-1.2.9/lib/warden/manager.rb:34:in `catch'[0m
      [36m# /home/ec2-user/.rvm/gems/ruby-3.1.2/gems/warden-1.2.9/lib/warden/manager.rb:34:in `call'[0m
      [36m# /home/ec2-user/.rvm/gems/ruby-3.1.2/gems/rack-2.2.8/lib/rack/tempfile_reaper.rb:15:in `call'[0m
      [36m# /home/ec2-user/.rvm/gems/ruby-3.1.2/gems/rack-2.2.8/lib/rack/etag.rb:27:in `call'[0m
      [36m# /home/ec2-user/.rvm/gems/ruby-3.1.2/gems/rack-2.2.8/lib/rack/conditional_get.rb:27:in `call'[0m
      [36m# /home/ec2-user/.rvm/gems/ruby-3.1.2/gems/rack-2.2.8/lib/rack/head.rb:12:in `call'[0m
      [36m# /home/ec2-user/.rvm/gems/ruby-3.1.2/gems/rack-2.2.8/lib/rack/session/abstract/id.rb:266:in `context'[0m
      [36m# /home/ec2-user/.rvm/gems/ruby-3.1.2/gems/rack-2.2.8/lib/rack/session/abstract/id.rb:260:in `call'[0m
      [36m# /home/ec2-user/.rvm/gems/ruby-3.1.2/gems/railties-6.1.7.6/lib/rails/rack/logger.rb:37:in `call_app'[0m
      [36m# /home/ec2-user/.rvm/gems/ruby-3.1.2/gems/railties-6.1.7.6/lib/rails/rack/logger.rb:26:in `block in call'[0m
      [36m# /home/ec2-user/.rvm/gems/ruby-3.1.2/gems/railties-6.1.7.6/lib/rails/rack/logger.rb:26:in `call'[0m
      [36m# /home/ec2-user/.rvm/gems/ruby-3.1.2/gems/rack-2.2.8/lib/rack/method_override.rb:24:in `call'[0m
      [36m# /home/ec2-user/.rvm/gems/ruby-3.1.2/gems/rack-2.2.8/lib/rack/runtime.rb:22:in `call'[0m
      [36m# /home/ec2-user/.rvm/gems/ruby-3.1.2/gems/rack-2.2.8/lib/rack/sendfile.rb:110:in `call'[0m
      [36m# /home/ec2-user/.rvm/gems/ruby-3.1.2/gems/railties-6.1.7.6/lib/rails/engine.rb:539:in `call'[0m
      [36m# /home/ec2-user/.rvm/gems/ruby-3.1.2/gems/rack-2.2.8/lib/rack/urlmap.rb:74:in `block in call'[0m
      [36m# /home/ec2-user/.rvm/gems/ruby-3.1.2/gems/rack-2.2.8/lib/rack/urlmap.rb:58:in `each'[0m
      [36m# /home/ec2-user/.rvm/gems/ruby-3.1.2/gems/rack-2.2.8/lib/rack/urlmap.rb:58:in `call'[0m
      [36m# /home/ec2-user/.rvm/gems/ruby-3.1.2/gems/rack-2.2.8/lib/rack/builder.rb:244:in `call'[0m
      [36m# /home/ec2-user/.rvm/gems/ruby-3.1.2/gems/rack-test-2.1.0/lib/rack/test.rb:360:in `process_request'[0m
      [36m# /home/ec2-user/.rvm/gems/ruby-3.1.2/gems/rack-test-2.1.0/lib/rack/test.rb:163:in `custom_request'[0m
      [36m# /home/ec2-user/.rvm/gems/ruby-3.1.2/gems/rack-test-2.1.0/lib/rack/test.rb:112:in `get'[0m
      [36m# /home/ec2-user/.rvm/gems/ruby-3.1.2/gems/capybara-3.39.2/lib/capybara/rack_test/browser.rb:80:in `process'[0m
      [36m# /home/ec2-user/.rvm/gems/ruby-3.1.2/gems/capybara-3.39.2/lib/capybara/rack_test/browser.rb:55:in `process_and_follow_redirects'[0m
      [36m# /home/ec2-user/.rvm/gems/ruby-3.1.2/gems/capybara-3.39.2/lib/capybara/rack_test/browser.rb:50:in `follow'[0m
      [36m# /home/ec2-user/.rvm/gems/ruby-3.1.2/gems/capybara-3.39.2/lib/capybara/rack_test/node.rb:252:in `follow_link'[0m
      [36m# /home/ec2-user/.rvm/gems/ruby-3.1.2/gems/capybara-3.39.2/lib/capybara/rack_test/node.rb:66:in `click'[0m
      [36m# /home/ec2-user/.rvm/gems/ruby-3.1.2/gems/capybara-3.39.2/lib/capybara/rack_test/node.rb:132:in `call'[0m
      [36m# /home/ec2-user/.rvm/gems/ruby-3.1.2/gems/capybara-3.39.2/lib/capybara/rack_test/node.rb:132:in `click'[0m
      [36m# /home/ec2-user/.rvm/gems/ruby-3.1.2/gems/capybara-3.39.2/lib/capybara/node/element.rb:172:in `block in click'[0m
      [36m# /home/ec2-user/.rvm/gems/ruby-3.1.2/gems/capybara-3.39.2/lib/capybara/node/element.rb:608:in `block in perform_click_action'[0m
      [36m# /home/ec2-user/.rvm/gems/ruby-3.1.2/gems/capybara-3.39.2/lib/capybara/node/base.rb:84:in `synchronize'[0m
      [36m# /home/ec2-user/.rvm/gems/ruby-3.1.2/gems/capybara-3.39.2/lib/capybara/node/element.rb:608:in `perform_click_action'[0m
      [36m# /home/ec2-user/.rvm/gems/ruby-3.1.2/gems/capybara-3.39.2/lib/capybara/node/element.rb:171:in `click'[0m
      [36m# /home/ec2-user/.rvm/gems/ruby-3.1.2/gems/capybara-3.39.2/lib/capybara/node/actions.rb:42:in `click_link'[0m
      [36m# /home/ec2-user/.rvm/gems/ruby-3.1.2/gems/capybara-3.39.2/lib/capybara/session.rb:773:in `click_link'[0m
      [36m# /home/ec2-user/.rvm/gems/ruby-3.1.2/gems/capybara-3.39.2/lib/capybara/dsl.rb:52:in `call'[0m
      [36m# /home/ec2-user/.rvm/gems/ruby-3.1.2/gems/capybara-3.39.2/lib/capybara/dsl.rb:52:in `click_link'[0m
      [36m# ./spec/system/02_after_login_spec.rb:183:in `block (4 levels) in <main>'[0m

  30) [STEP2] ユーザログイン後のテスト 自分の投稿編集画面のテスト 表示の確認 Showリンクが表示される
      [31mFailure/Error: expect(page).to have_link 'Show', href: book_path(book)[0m
      [31m  expected to find link "Show" with href "/books/1" but there were no matches[0m
      [36m# ./spec/system/02_after_login_spec.rb:234:in `block (4 levels) in <main>'[0m

  31) [STEP2] ユーザログイン後のテスト 自分の投稿編集画面のテスト 表示の確認 Backリンクが表示される
      [31mFailure/Error: expect(page).to have_link 'Back', href: books_path[0m
      [31m  expected to find link "Back" with href "/books" but there were no matches[0m
      [36m# ./spec/system/02_after_login_spec.rb:237:in `block (4 levels) in <main>'[0m

  32) [STEP2] ユーザログイン後のテスト ユーザ一覧画面のテスト 表示内容の確認 URLが正しい
      [31mFailure/Error: <td><%= @user.user_introduction %></td>[0m
      [31m[0m
      [31mActionView::Template::Error:[0m
      [31m  undefined method `user_introduction' for #<User id: 1, email: "markus@durgan.test", name: "sc7jvtrh5r", created_at: "2023-12-13 08:13:26.165335000 +0000", updated_at: "2023-12-13 08:13:26.176522000 +0000", introduction: "os74f4f3pazw9bvtvlnj">[0m
      [36m# ./app/views/users/index.html.erb:17:in `_app_views_users_index_html_erb___4493874604543645665_27160'[0m
      [36m# /home/ec2-user/.rvm/gems/ruby-3.1.2/gems/actiontext-6.1.7.6/lib/action_text/rendering.rb:20:in `with_renderer'[0m
      [36m# /home/ec2-user/.rvm/gems/ruby-3.1.2/gems/actiontext-6.1.7.6/lib/action_text/engine.rb:59:in `block (4 levels) in <class:Engine>'[0m
      [36m# /home/ec2-user/.rvm/gems/ruby-3.1.2/gems/warden-1.2.9/lib/warden/manager.rb:36:in `block in call'[0m
      [36m# /home/ec2-user/.rvm/gems/ruby-3.1.2/gems/warden-1.2.9/lib/warden/manager.rb:34:in `catch'[0m
      [36m# /home/ec2-user/.rvm/gems/ruby-3.1.2/gems/warden-1.2.9/lib/warden/manager.rb:34:in `call'[0m
      [36m# /home/ec2-user/.rvm/gems/ruby-3.1.2/gems/rack-2.2.8/lib/rack/tempfile_reaper.rb:15:in `call'[0m
      [36m# /home/ec2-user/.rvm/gems/ruby-3.1.2/gems/rack-2.2.8/lib/rack/etag.rb:27:in `call'[0m
      [36m# /home/ec2-user/.rvm/gems/ruby-3.1.2/gems/rack-2.2.8/lib/rack/conditional_get.rb:27:in `call'[0m
      [36m# /home/ec2-user/.rvm/gems/ruby-3.1.2/gems/rack-2.2.8/lib/rack/head.rb:12:in `call'[0m
      [36m# /home/ec2-user/.rvm/gems/ruby-3.1.2/gems/rack-2.2.8/lib/rack/session/abstract/id.rb:266:in `context'[0m
      [36m# /home/ec2-user/.rvm/gems/ruby-3.1.2/gems/rack-2.2.8/lib/rack/session/abstract/id.rb:260:in `call'[0m
      [36m# /home/ec2-user/.rvm/gems/ruby-3.1.2/gems/railties-6.1.7.6/lib/rails/rack/logger.rb:37:in `call_app'[0m
      [36m# /home/ec2-user/.rvm/gems/ruby-3.1.2/gems/railties-6.1.7.6/lib/rails/rack/logger.rb:26:in `block in call'[0m
      [36m# /home/ec2-user/.rvm/gems/ruby-3.1.2/gems/railties-6.1.7.6/lib/rails/rack/logger.rb:26:in `call'[0m
      [36m# /home/ec2-user/.rvm/gems/ruby-3.1.2/gems/rack-2.2.8/lib/rack/method_override.rb:24:in `call'[0m
      [36m# /home/ec2-user/.rvm/gems/ruby-3.1.2/gems/rack-2.2.8/lib/rack/runtime.rb:22:in `call'[0m
      [36m# /home/ec2-user/.rvm/gems/ruby-3.1.2/gems/rack-2.2.8/lib/rack/sendfile.rb:110:in `call'[0m
      [36m# /home/ec2-user/.rvm/gems/ruby-3.1.2/gems/railties-6.1.7.6/lib/rails/engine.rb:539:in `call'[0m
      [36m# /home/ec2-user/.rvm/gems/ruby-3.1.2/gems/rack-2.2.8/lib/rack/urlmap.rb:74:in `block in call'[0m
      [36m# /home/ec2-user/.rvm/gems/ruby-3.1.2/gems/rack-2.2.8/lib/rack/urlmap.rb:58:in `each'[0m
      [36m# /home/ec2-user/.rvm/gems/ruby-3.1.2/gems/rack-2.2.8/lib/rack/urlmap.rb:58:in `call'[0m
      [36m# /home/ec2-user/.rvm/gems/ruby-3.1.2/gems/rack-2.2.8/lib/rack/builder.rb:244:in `call'[0m
      [36m# /home/ec2-user/.rvm/gems/ruby-3.1.2/gems/rack-test-2.1.0/lib/rack/test.rb:360:in `process_request'[0m
      [36m# /home/ec2-user/.rvm/gems/ruby-3.1.2/gems/rack-test-2.1.0/lib/rack/test.rb:163:in `custom_request'[0m
      [36m# /home/ec2-user/.rvm/gems/ruby-3.1.2/gems/rack-test-2.1.0/lib/rack/test.rb:112:in `get'[0m
      [36m# /home/ec2-user/.rvm/gems/ruby-3.1.2/gems/capybara-3.39.2/lib/capybara/rack_test/browser.rb:80:in `process'[0m
      [36m# /home/ec2-user/.rvm/gems/ruby-3.1.2/gems/capybara-3.39.2/lib/capybara/rack_test/browser.rb:55:in `process_and_follow_redirects'[0m
      [36m# /home/ec2-user/.rvm/gems/ruby-3.1.2/gems/capybara-3.39.2/lib/capybara/rack_test/browser.rb:26:in `visit'[0m
      [36m# /home/ec2-user/.rvm/gems/ruby-3.1.2/gems/capybara-3.39.2/lib/capybara/rack_test/driver.rb:46:in `visit'[0m
      [36m# /home/ec2-user/.rvm/gems/ruby-3.1.2/gems/capybara-3.39.2/lib/capybara/session.rb:280:in `visit'[0m
      [36m# /home/ec2-user/.rvm/gems/ruby-3.1.2/gems/capybara-3.39.2/lib/capybara/dsl.rb:52:in `call'[0m
      [36m# /home/ec2-user/.rvm/gems/ruby-3.1.2/gems/capybara-3.39.2/lib/capybara/dsl.rb:52:in `visit'[0m
      [36m# ./spec/system/02_after_login_spec.rb:265:in `block (3 levels) in <main>'[0m
      [36m# ------------------[0m
      [36m# --- Caused by: ---[0m
      [36m# NoMethodError:[0m
      [36m#   undefined method `user_introduction' for #<User id: 1, email: "markus@durgan.test", name: "sc7jvtrh5r", created_at: "2023-12-13 08:13:26.165335000 +0000", updated_at: "2023-12-13 08:13:26.176522000 +0000", introduction: "os74f4f3pazw9bvtvlnj">[0m
      [36m#   ./app/views/users/index.html.erb:17:in `_app_views_users_index_html_erb___4493874604543645665_27160'[0m

  33) [STEP2] ユーザログイン後のテスト ユーザ一覧画面のテスト 表示内容の確認 自分と他人の画像が表示される: fallbackの画像がサイドバーの1つ＋一覧(2人)の2つの計3つ存在する
      [31mFailure/Error: <td><%= @user.user_introduction %></td>[0m
      [31m[0m
      [31mActionView::Template::Error:[0m
      [31m  undefined method `user_introduction' for #<User id: 1, email: "liz@kilback.example", name: "vbb2ju0bgt", created_at: "2023-12-13 08:13:26.353915000 +0000", updated_at: "2023-12-13 08:13:26.377564000 +0000", introduction: "5x2009igscolzcnzhmd7">[0m
      [36m# ./app/views/users/index.html.erb:17:in `_app_views_users_index_html_erb___4493874604543645665_27160'[0m
      [36m# /home/ec2-user/.rvm/gems/ruby-3.1.2/gems/actiontext-6.1.7.6/lib/action_text/rendering.rb:20:in `with_renderer'[0m
      [36m# /home/ec2-user/.rvm/gems/ruby-3.1.2/gems/actiontext-6.1.7.6/lib/action_text/engine.rb:59:in `block (4 levels) in <class:Engine>'[0m
      [36m# /home/ec2-user/.rvm/gems/ruby-3.1.2/gems/warden-1.2.9/lib/warden/manager.rb:36:in `block in call'[0m
      [36m# /home/ec2-user/.rvm/gems/ruby-3.1.2/gems/warden-1.2.9/lib/warden/manager.rb:34:in `catch'[0m
      [36m# /home/ec2-user/.rvm/gems/ruby-3.1.2/gems/warden-1.2.9/lib/warden/manager.rb:34:in `call'[0m
      [36m# /home/ec2-user/.rvm/gems/ruby-3.1.2/gems/rack-2.2.8/lib/rack/tempfile_reaper.rb:15:in `call'[0m
      [36m# /home/ec2-user/.rvm/gems/ruby-3.1.2/gems/rack-2.2.8/lib/rack/etag.rb:27:in `call'[0m
      [36m# /home/ec2-user/.rvm/gems/ruby-3.1.2/gems/rack-2.2.8/lib/rack/conditional_get.rb:27:in `call'[0m
      [36m# /home/ec2-user/.rvm/gems/ruby-3.1.2/gems/rack-2.2.8/lib/rack/head.rb:12:in `call'[0m
      [36m# /home/ec2-user/.rvm/gems/ruby-3.1.2/gems/rack-2.2.8/lib/rack/session/abstract/id.rb:266:in `context'[0m
      [36m# /home/ec2-user/.rvm/gems/ruby-3.1.2/gems/rack-2.2.8/lib/rack/session/abstract/id.rb:260:in `call'[0m
      [36m# /home/ec2-user/.rvm/gems/ruby-3.1.2/gems/railties-6.1.7.6/lib/rails/rack/logger.rb:37:in `call_app'[0m
      [36m# /home/ec2-user/.rvm/gems/ruby-3.1.2/gems/railties-6.1.7.6/lib/rails/rack/logger.rb:26:in `block in call'[0m
      [36m# /home/ec2-user/.rvm/gems/ruby-3.1.2/gems/railties-6.1.7.6/lib/rails/rack/logger.rb:26:in `call'[0m
      [36m# /home/ec2-user/.rvm/gems/ruby-3.1.2/gems/rack-2.2.8/lib/rack/method_override.rb:24:in `call'[0m
      [36m# /home/ec2-user/.rvm/gems/ruby-3.1.2/gems/rack-2.2.8/lib/rack/runtime.rb:22:in `call'[0m
      [36m# /home/ec2-user/.rvm/gems/ruby-3.1.2/gems/rack-2.2.8/lib/rack/sendfile.rb:110:in `call'[0m
      [36m# /home/ec2-user/.rvm/gems/ruby-3.1.2/gems/railties-6.1.7.6/lib/rails/engine.rb:539:in `call'[0m
      [36m# /home/ec2-user/.rvm/gems/ruby-3.1.2/gems/rack-2.2.8/lib/rack/urlmap.rb:74:in `block in call'[0m
      [36m# /home/ec2-user/.rvm/gems/ruby-3.1.2/gems/rack-2.2.8/lib/rack/urlmap.rb:58:in `each'[0m
      [36m# /home/ec2-user/.rvm/gems/ruby-3.1.2/gems/rack-2.2.8/lib/rack/urlmap.rb:58:in `call'[0m
      [36m# /home/ec2-user/.rvm/gems/ruby-3.1.2/gems/rack-2.2.8/lib/rack/builder.rb:244:in `call'[0m
      [36m# /home/ec2-user/.rvm/gems/ruby-3.1.2/gems/rack-test-2.1.0/lib/rack/test.rb:360:in `process_request'[0m
      [36m# /home/ec2-user/.rvm/gems/ruby-3.1.2/gems/rack-test-2.1.0/lib/rack/test.rb:163:in `custom_request'[0m
      [36m# /home/ec2-user/.rvm/gems/ruby-3.1.2/gems/rack-test-2.1.0/lib/rack/test.rb:112:in `get'[0m
      [36m# /home/ec2-user/.rvm/gems/ruby-3.1.2/gems/capybara-3.39.2/lib/capybara/rack_test/browser.rb:80:in `process'[0m
      [36m# /home/ec2-user/.rvm/gems/ruby-3.1.2/gems/capybara-3.39.2/lib/capybara/rack_test/browser.rb:55:in `process_and_follow_redirects'[0m
      [36m# /home/ec2-user/.rvm/gems/ruby-3.1.2/gems/capybara-3.39.2/lib/capybara/rack_test/browser.rb:26:in `visit'[0m
      [36m# /home/ec2-user/.rvm/gems/ruby-3.1.2/gems/capybara-3.39.2/lib/capybara/rack_test/driver.rb:46:in `visit'[0m
      [36m# /home/ec2-user/.rvm/gems/ruby-3.1.2/gems/capybara-3.39.2/lib/capybara/session.rb:280:in `visit'[0m
      [36m# /home/ec2-user/.rvm/gems/ruby-3.1.2/gems/capybara-3.39.2/lib/capybara/dsl.rb:52:in `call'[0m
      [36m# /home/ec2-user/.rvm/gems/ruby-3.1.2/gems/capybara-3.39.2/lib/capybara/dsl.rb:52:in `visit'[0m
      [36m# ./spec/system/02_after_login_spec.rb:265:in `block (3 levels) in <main>'[0m
      [36m# ------------------[0m
      [36m# --- Caused by: ---[0m
      [36m# NoMethodError:[0m
      [36m#   undefined method `user_introduction' for #<User id: 1, email: "liz@kilback.example", name: "vbb2ju0bgt", created_at: "2023-12-13 08:13:26.353915000 +0000", updated_at: "2023-12-13 08:13:26.377564000 +0000", introduction: "5x2009igscolzcnzhmd7">[0m
      [36m#   ./app/views/users/index.html.erb:17:in `_app_views_users_index_html_erb___4493874604543645665_27160'[0m

  34) [STEP2] ユーザログイン後のテスト ユーザ一覧画面のテスト 表示内容の確認 自分と他人の名前がそれぞれ表示される
      [31mFailure/Error: <td><%= @user.user_introduction %></td>[0m
      [31m[0m
      [31mActionView::Template::Error:[0m
      [31m  undefined method `user_introduction' for #<User id: 1, email: "cherlyn@boyle.test", name: "jx7dj7e8vs", created_at: "2023-12-13 08:13:26.546247000 +0000", updated_at: "2023-12-13 08:13:26.557921000 +0000", introduction: "k6b8e4ei8t0jcmg0vi0o">[0m
      [36m# ./app/views/users/index.html.erb:17:in `_app_views_users_index_html_erb___4493874604543645665_27160'[0m
      [36m# /home/ec2-user/.rvm/gems/ruby-3.1.2/gems/actiontext-6.1.7.6/lib/action_text/rendering.rb:20:in `with_renderer'[0m
      [36m# /home/ec2-user/.rvm/gems/ruby-3.1.2/gems/actiontext-6.1.7.6/lib/action_text/engine.rb:59:in `block (4 levels) in <class:Engine>'[0m
      [36m# /home/ec2-user/.rvm/gems/ruby-3.1.2/gems/warden-1.2.9/lib/warden/manager.rb:36:in `block in call'[0m
      [36m# /home/ec2-user/.rvm/gems/ruby-3.1.2/gems/warden-1.2.9/lib/warden/manager.rb:34:in `catch'[0m
      [36m# /home/ec2-user/.rvm/gems/ruby-3.1.2/gems/warden-1.2.9/lib/warden/manager.rb:34:in `call'[0m
      [36m# /home/ec2-user/.rvm/gems/ruby-3.1.2/gems/rack-2.2.8/lib/rack/tempfile_reaper.rb:15:in `call'[0m
      [36m# /home/ec2-user/.rvm/gems/ruby-3.1.2/gems/rack-2.2.8/lib/rack/etag.rb:27:in `call'[0m
      [36m# /home/ec2-user/.rvm/gems/ruby-3.1.2/gems/rack-2.2.8/lib/rack/conditional_get.rb:27:in `call'[0m
      [36m# /home/ec2-user/.rvm/gems/ruby-3.1.2/gems/rack-2.2.8/lib/rack/head.rb:12:in `call'[0m
      [36m# /home/ec2-user/.rvm/gems/ruby-3.1.2/gems/rack-2.2.8/lib/rack/session/abstract/id.rb:266:in `context'[0m
      [36m# /home/ec2-user/.rvm/gems/ruby-3.1.2/gems/rack-2.2.8/lib/rack/session/abstract/id.rb:260:in `call'[0m
      [36m# /home/ec2-user/.rvm/gems/ruby-3.1.2/gems/railties-6.1.7.6/lib/rails/rack/logger.rb:37:in `call_app'[0m
      [36m# /home/ec2-user/.rvm/gems/ruby-3.1.2/gems/railties-6.1.7.6/lib/rails/rack/logger.rb:26:in `block in call'[0m
      [36m# /home/ec2-user/.rvm/gems/ruby-3.1.2/gems/railties-6.1.7.6/lib/rails/rack/logger.rb:26:in `call'[0m
      [36m# /home/ec2-user/.rvm/gems/ruby-3.1.2/gems/rack-2.2.8/lib/rack/method_override.rb:24:in `call'[0m
      [36m# /home/ec2-user/.rvm/gems/ruby-3.1.2/gems/rack-2.2.8/lib/rack/runtime.rb:22:in `call'[0m
      [36m# /home/ec2-user/.rvm/gems/ruby-3.1.2/gems/rack-2.2.8/lib/rack/sendfile.rb:110:in `call'[0m
      [36m# /home/ec2-user/.rvm/gems/ruby-3.1.2/gems/railties-6.1.7.6/lib/rails/engine.rb:539:in `call'[0m
      [36m# /home/ec2-user/.rvm/gems/ruby-3.1.2/gems/rack-2.2.8/lib/rack/urlmap.rb:74:in `block in call'[0m
      [36m# /home/ec2-user/.rvm/gems/ruby-3.1.2/gems/rack-2.2.8/lib/rack/urlmap.rb:58:in `each'[0m
      [36m# /home/ec2-user/.rvm/gems/ruby-3.1.2/gems/rack-2.2.8/lib/rack/urlmap.rb:58:in `call'[0m
      [36m# /home/ec2-user/.rvm/gems/ruby-3.1.2/gems/rack-2.2.8/lib/rack/builder.rb:244:in `call'[0m
      [36m# /home/ec2-user/.rvm/gems/ruby-3.1.2/gems/rack-test-2.1.0/lib/rack/test.rb:360:in `process_request'[0m
      [36m# /home/ec2-user/.rvm/gems/ruby-3.1.2/gems/rack-test-2.1.0/lib/rack/test.rb:163:in `custom_request'[0m
      [36m# /home/ec2-user/.rvm/gems/ruby-3.1.2/gems/rack-test-2.1.0/lib/rack/test.rb:112:in `get'[0m
      [36m# /home/ec2-user/.rvm/gems/ruby-3.1.2/gems/capybara-3.39.2/lib/capybara/rack_test/browser.rb:80:in `process'[0m
      [36m# /home/ec2-user/.rvm/gems/ruby-3.1.2/gems/capybara-3.39.2/lib/capybara/rack_test/browser.rb:55:in `process_and_follow_redirects'[0m
      [36m# /home/ec2-user/.rvm/gems/ruby-3.1.2/gems/capybara-3.39.2/lib/capybara/rack_test/browser.rb:26:in `visit'[0m
      [36m# /home/ec2-user/.rvm/gems/ruby-3.1.2/gems/capybara-3.39.2/lib/capybara/rack_test/driver.rb:46:in `visit'[0m
      [36m# /home/ec2-user/.rvm/gems/ruby-3.1.2/gems/capybara-3.39.2/lib/capybara/session.rb:280:in `visit'[0m
      [36m# /home/ec2-user/.rvm/gems/ruby-3.1.2/gems/capybara-3.39.2/lib/capybara/dsl.rb:52:in `call'[0m
      [36m# /home/ec2-user/.rvm/gems/ruby-3.1.2/gems/capybara-3.39.2/lib/capybara/dsl.rb:52:in `visit'[0m
      [36m# ./spec/system/02_after_login_spec.rb:265:in `block (3 levels) in <main>'[0m
      [36m# ------------------[0m
      [36m# --- Caused by: ---[0m
      [36m# NoMethodError:[0m
      [36m#   undefined method `user_introduction' for #<User id: 1, email: "cherlyn@boyle.test", name: "jx7dj7e8vs", created_at: "2023-12-13 08:13:26.546247000 +0000", updated_at: "2023-12-13 08:13:26.557921000 +0000", introduction: "k6b8e4ei8t0jcmg0vi0o">[0m
      [36m#   ./app/views/users/index.html.erb:17:in `_app_views_users_index_html_erb___4493874604543645665_27160'[0m

  35) [STEP2] ユーザログイン後のテスト ユーザ一覧画面のテスト 表示内容の確認 自分と他人のshowリンクがそれぞれ表示される
      [31mFailure/Error: <td><%= @user.user_introduction %></td>[0m
      [31m[0m
      [31mActionView::Template::Error:[0m
      [31m  undefined method `user_introduction' for #<User id: 1, email: "alphonse@schultz-weimann.example", name: "ok9m8h4pdu", created_at: "2023-12-13 08:13:26.730474000 +0000", updated_at: "2023-12-13 08:13:26.741940000 +0000", introduction: "nv0ttn45dr2ptvf5j86k">[0m
      [36m# ./app/views/users/index.html.erb:17:in `_app_views_users_index_html_erb___4493874604543645665_27160'[0m
      [36m# /home/ec2-user/.rvm/gems/ruby-3.1.2/gems/actiontext-6.1.7.6/lib/action_text/rendering.rb:20:in `with_renderer'[0m
      [36m# /home/ec2-user/.rvm/gems/ruby-3.1.2/gems/actiontext-6.1.7.6/lib/action_text/engine.rb:59:in `block (4 levels) in <class:Engine>'[0m
      [36m# /home/ec2-user/.rvm/gems/ruby-3.1.2/gems/warden-1.2.9/lib/warden/manager.rb:36:in `block in call'[0m
      [36m# /home/ec2-user/.rvm/gems/ruby-3.1.2/gems/warden-1.2.9/lib/warden/manager.rb:34:in `catch'[0m
      [36m# /home/ec2-user/.rvm/gems/ruby-3.1.2/gems/warden-1.2.9/lib/warden/manager.rb:34:in `call'[0m
      [36m# /home/ec2-user/.rvm/gems/ruby-3.1.2/gems/rack-2.2.8/lib/rack/tempfile_reaper.rb:15:in `call'[0m
      [36m# /home/ec2-user/.rvm/gems/ruby-3.1.2/gems/rack-2.2.8/lib/rack/etag.rb:27:in `call'[0m
      [36m# /home/ec2-user/.rvm/gems/ruby-3.1.2/gems/rack-2.2.8/lib/rack/conditional_get.rb:27:in `call'[0m
      [36m# /home/ec2-user/.rvm/gems/ruby-3.1.2/gems/rack-2.2.8/lib/rack/head.rb:12:in `call'[0m
      [36m# /home/ec2-user/.rvm/gems/ruby-3.1.2/gems/rack-2.2.8/lib/rack/session/abstract/id.rb:266:in `context'[0m
      [36m# /home/ec2-user/.rvm/gems/ruby-3.1.2/gems/rack-2.2.8/lib/rack/session/abstract/id.rb:260:in `call'[0m
      [36m# /home/ec2-user/.rvm/gems/ruby-3.1.2/gems/railties-6.1.7.6/lib/rails/rack/logger.rb:37:in `call_app'[0m
      [36m# /home/ec2-user/.rvm/gems/ruby-3.1.2/gems/railties-6.1.7.6/lib/rails/rack/logger.rb:26:in `block in call'[0m
      [36m# /home/ec2-user/.rvm/gems/ruby-3.1.2/gems/railties-6.1.7.6/lib/rails/rack/logger.rb:26:in `call'[0m
      [36m# /home/ec2-user/.rvm/gems/ruby-3.1.2/gems/rack-2.2.8/lib/rack/method_override.rb:24:in `call'[0m
      [36m# /home/ec2-user/.rvm/gems/ruby-3.1.2/gems/rack-2.2.8/lib/rack/runtime.rb:22:in `call'[0m
      [36m# /home/ec2-user/.rvm/gems/ruby-3.1.2/gems/rack-2.2.8/lib/rack/sendfile.rb:110:in `call'[0m
      [36m# /home/ec2-user/.rvm/gems/ruby-3.1.2/gems/railties-6.1.7.6/lib/rails/engine.rb:539:in `call'[0m
      [36m# /home/ec2-user/.rvm/gems/ruby-3.1.2/gems/rack-2.2.8/lib/rack/urlmap.rb:74:in `block in call'[0m
      [36m# /home/ec2-user/.rvm/gems/ruby-3.1.2/gems/rack-2.2.8/lib/rack/urlmap.rb:58:in `each'[0m
      [36m# /home/ec2-user/.rvm/gems/ruby-3.1.2/gems/rack-2.2.8/lib/rack/urlmap.rb:58:in `call'[0m
      [36m# /home/ec2-user/.rvm/gems/ruby-3.1.2/gems/rack-2.2.8/lib/rack/builder.rb:244:in `call'[0m
      [36m# /home/ec2-user/.rvm/gems/ruby-3.1.2/gems/rack-test-2.1.0/lib/rack/test.rb:360:in `process_request'[0m
      [36m# /home/ec2-user/.rvm/gems/ruby-3.1.2/gems/rack-test-2.1.0/lib/rack/test.rb:163:in `custom_request'[0m
      [36m# /home/ec2-user/.rvm/gems/ruby-3.1.2/gems/rack-test-2.1.0/lib/rack/test.rb:112:in `get'[0m
      [36m# /home/ec2-user/.rvm/gems/ruby-3.1.2/gems/capybara-3.39.2/lib/capybara/rack_test/browser.rb:80:in `process'[0m
      [36m# /home/ec2-user/.rvm/gems/ruby-3.1.2/gems/capybara-3.39.2/lib/capybara/rack_test/browser.rb:55:in `process_and_follow_redirects'[0m
      [36m# /home/ec2-user/.rvm/gems/ruby-3.1.2/gems/capybara-3.39.2/lib/capybara/rack_test/browser.rb:26:in `visit'[0m
      [36m# /home/ec2-user/.rvm/gems/ruby-3.1.2/gems/capybara-3.39.2/lib/capybara/rack_test/driver.rb:46:in `visit'[0m
      [36m# /home/ec2-user/.rvm/gems/ruby-3.1.2/gems/capybara-3.39.2/lib/capybara/session.rb:280:in `visit'[0m
      [36m# /home/ec2-user/.rvm/gems/ruby-3.1.2/gems/capybara-3.39.2/lib/capybara/dsl.rb:52:in `call'[0m
      [36m# /home/ec2-user/.rvm/gems/ruby-3.1.2/gems/capybara-3.39.2/lib/capybara/dsl.rb:52:in `visit'[0m
      [36m# ./spec/system/02_after_login_spec.rb:265:in `block (3 levels) in <main>'[0m
      [36m# ------------------[0m
      [36m# --- Caused by: ---[0m
      [36m# NoMethodError:[0m
      [36m#   undefined method `user_introduction' for #<User id: 1, email: "alphonse@schultz-weimann.example", name: "ok9m8h4pdu", created_at: "2023-12-13 08:13:26.730474000 +0000", updated_at: "2023-12-13 08:13:26.741940000 +0000", introduction: "nv0ttn45dr2ptvf5j86k">[0m
      [36m#   ./app/views/users/index.html.erb:17:in `_app_views_users_index_html_erb___4493874604543645665_27160'[0m

  36) [STEP2] ユーザログイン後のテスト ユーザ一覧画面のテスト サイドバーの確認 自分の名前と紹介文が表示される
      [31mFailure/Error: <td><%= @user.user_introduction %></td>[0m
      [31m[0m
      [31mActionView::Template::Error:[0m
      [31m  undefined method `user_introduction' for #<User id: 1, email: "fernando_schowalter@wolf.test", name: "wd5fb75yzm", created_at: "2023-12-13 08:13:26.905662000 +0000", updated_at: "2023-12-13 08:13:26.917072000 +0000", introduction: "ydzovy7kmaskd1v5b811">[0m
      [36m# ./app/views/users/index.html.erb:17:in `_app_views_users_index_html_erb___4493874604543645665_27160'[0m
      [36m# /home/ec2-user/.rvm/gems/ruby-3.1.2/gems/actiontext-6.1.7.6/lib/action_text/rendering.rb:20:in `with_renderer'[0m
      [36m# /home/ec2-user/.rvm/gems/ruby-3.1.2/gems/actiontext-6.1.7.6/lib/action_text/engine.rb:59:in `block (4 levels) in <class:Engine>'[0m
      [36m# /home/ec2-user/.rvm/gems/ruby-3.1.2/gems/warden-1.2.9/lib/warden/manager.rb:36:in `block in call'[0m
      [36m# /home/ec2-user/.rvm/gems/ruby-3.1.2/gems/warden-1.2.9/lib/warden/manager.rb:34:in `catch'[0m
      [36m# /home/ec2-user/.rvm/gems/ruby-3.1.2/gems/warden-1.2.9/lib/warden/manager.rb:34:in `call'[0m
      [36m# /home/ec2-user/.rvm/gems/ruby-3.1.2/gems/rack-2.2.8/lib/rack/tempfile_reaper.rb:15:in `call'[0m
      [36m# /home/ec2-user/.rvm/gems/ruby-3.1.2/gems/rack-2.2.8/lib/rack/etag.rb:27:in `call'[0m
      [36m# /home/ec2-user/.rvm/gems/ruby-3.1.2/gems/rack-2.2.8/lib/rack/conditional_get.rb:27:in `call'[0m
      [36m# /home/ec2-user/.rvm/gems/ruby-3.1.2/gems/rack-2.2.8/lib/rack/head.rb:12:in `call'[0m
      [36m# /home/ec2-user/.rvm/gems/ruby-3.1.2/gems/rack-2.2.8/lib/rack/session/abstract/id.rb:266:in `context'[0m
      [36m# /home/ec2-user/.rvm/gems/ruby-3.1.2/gems/rack-2.2.8/lib/rack/session/abstract/id.rb:260:in `call'[0m
      [36m# /home/ec2-user/.rvm/gems/ruby-3.1.2/gems/railties-6.1.7.6/lib/rails/rack/logger.rb:37:in `call_app'[0m
      [36m# /home/ec2-user/.rvm/gems/ruby-3.1.2/gems/railties-6.1.7.6/lib/rails/rack/logger.rb:26:in `block in call'[0m
      [36m# /home/ec2-user/.rvm/gems/ruby-3.1.2/gems/railties-6.1.7.6/lib/rails/rack/logger.rb:26:in `call'[0m
      [36m# /home/ec2-user/.rvm/gems/ruby-3.1.2/gems/rack-2.2.8/lib/rack/method_override.rb:24:in `call'[0m
      [36m# /home/ec2-user/.rvm/gems/ruby-3.1.2/gems/rack-2.2.8/lib/rack/runtime.rb:22:in `call'[0m
      [36m# /home/ec2-user/.rvm/gems/ruby-3.1.2/gems/rack-2.2.8/lib/rack/sendfile.rb:110:in `call'[0m
      [36m# /home/ec2-user/.rvm/gems/ruby-3.1.2/gems/railties-6.1.7.6/lib/rails/engine.rb:539:in `call'[0m
      [36m# /home/ec2-user/.rvm/gems/ruby-3.1.2/gems/rack-2.2.8/lib/rack/urlmap.rb:74:in `block in call'[0m
      [36m# /home/ec2-user/.rvm/gems/ruby-3.1.2/gems/rack-2.2.8/lib/rack/urlmap.rb:58:in `each'[0m
      [36m# /home/ec2-user/.rvm/gems/ruby-3.1.2/gems/rack-2.2.8/lib/rack/urlmap.rb:58:in `call'[0m
      [36m# /home/ec2-user/.rvm/gems/ruby-3.1.2/gems/rack-2.2.8/lib/rack/builder.rb:244:in `call'[0m
      [36m# /home/ec2-user/.rvm/gems/ruby-3.1.2/gems/rack-test-2.1.0/lib/rack/test.rb:360:in `process_request'[0m
      [36m# /home/ec2-user/.rvm/gems/ruby-3.1.2/gems/rack-test-2.1.0/lib/rack/test.rb:163:in `custom_request'[0m
      [36m# /home/ec2-user/.rvm/gems/ruby-3.1.2/gems/rack-test-2.1.0/lib/rack/test.rb:112:in `get'[0m
      [36m# /home/ec2-user/.rvm/gems/ruby-3.1.2/gems/capybara-3.39.2/lib/capybara/rack_test/browser.rb:80:in `process'[0m
      [36m# /home/ec2-user/.rvm/gems/ruby-3.1.2/gems/capybara-3.39.2/lib/capybara/rack_test/browser.rb:55:in `process_and_follow_redirects'[0m
      [36m# /home/ec2-user/.rvm/gems/ruby-3.1.2/gems/capybara-3.39.2/lib/capybara/rack_test/browser.rb:26:in `visit'[0m
      [36m# /home/ec2-user/.rvm/gems/ruby-3.1.2/gems/capybara-3.39.2/lib/capybara/rack_test/driver.rb:46:in `visit'[0m
      [36m# /home/ec2-user/.rvm/gems/ruby-3.1.2/gems/capybara-3.39.2/lib/capybara/session.rb:280:in `visit'[0m
      [36m# /home/ec2-user/.rvm/gems/ruby-3.1.2/gems/capybara-3.39.2/lib/capybara/dsl.rb:52:in `call'[0m
      [36m# /home/ec2-user/.rvm/gems/ruby-3.1.2/gems/capybara-3.39.2/lib/capybara/dsl.rb:52:in `visit'[0m
      [36m# ./spec/system/02_after_login_spec.rb:265:in `block (3 levels) in <main>'[0m
      [36m# ------------------[0m
      [36m# --- Caused by: ---[0m
      [36m# NoMethodError:[0m
      [36m#   undefined method `user_introduction' for #<User id: 1, email: "fernando_schowalter@wolf.test", name: "wd5fb75yzm", created_at: "2023-12-13 08:13:26.905662000 +0000", updated_at: "2023-12-13 08:13:26.917072000 +0000", introduction: "ydzovy7kmaskd1v5b811">[0m
      [36m#   ./app/views/users/index.html.erb:17:in `_app_views_users_index_html_erb___4493874604543645665_27160'[0m

  37) [STEP2] ユーザログイン後のテスト ユーザ一覧画面のテスト サイドバーの確認 自分のユーザ編集画面へのリンクが存在する
      [31mFailure/Error: <td><%= @user.user_introduction %></td>[0m
      [31m[0m
      [31mActionView::Template::Error:[0m
      [31m  undefined method `user_introduction' for #<User id: 1, email: "leida@mcdermott.test", name: "88qie9s3ww", created_at: "2023-12-13 08:13:27.085009000 +0000", updated_at: "2023-12-13 08:13:27.096588000 +0000", introduction: "sv62khmij2i557ecrx1u">[0m
      [36m# ./app/views/users/index.html.erb:17:in `_app_views_users_index_html_erb___4493874604543645665_27160'[0m
      [36m# /home/ec2-user/.rvm/gems/ruby-3.1.2/gems/actiontext-6.1.7.6/lib/action_text/rendering.rb:20:in `with_renderer'[0m
      [36m# /home/ec2-user/.rvm/gems/ruby-3.1.2/gems/actiontext-6.1.7.6/lib/action_text/engine.rb:59:in `block (4 levels) in <class:Engine>'[0m
      [36m# /home/ec2-user/.rvm/gems/ruby-3.1.2/gems/warden-1.2.9/lib/warden/manager.rb:36:in `block in call'[0m
      [36m# /home/ec2-user/.rvm/gems/ruby-3.1.2/gems/warden-1.2.9/lib/warden/manager.rb:34:in `catch'[0m
      [36m# /home/ec2-user/.rvm/gems/ruby-3.1.2/gems/warden-1.2.9/lib/warden/manager.rb:34:in `call'[0m
      [36m# /home/ec2-user/.rvm/gems/ruby-3.1.2/gems/rack-2.2.8/lib/rack/tempfile_reaper.rb:15:in `call'[0m
      [36m# /home/ec2-user/.rvm/gems/ruby-3.1.2/gems/rack-2.2.8/lib/rack/etag.rb:27:in `call'[0m
      [36m# /home/ec2-user/.rvm/gems/ruby-3.1.2/gems/rack-2.2.8/lib/rack/conditional_get.rb:27:in `call'[0m
      [36m# /home/ec2-user/.rvm/gems/ruby-3.1.2/gems/rack-2.2.8/lib/rack/head.rb:12:in `call'[0m
      [36m# /home/ec2-user/.rvm/gems/ruby-3.1.2/gems/rack-2.2.8/lib/rack/session/abstract/id.rb:266:in `context'[0m
      [36m# /home/ec2-user/.rvm/gems/ruby-3.1.2/gems/rack-2.2.8/lib/rack/session/abstract/id.rb:260:in `call'[0m
      [36m# /home/ec2-user/.rvm/gems/ruby-3.1.2/gems/railties-6.1.7.6/lib/rails/rack/logger.rb:37:in `call_app'[0m
      [36m# /home/ec2-user/.rvm/gems/ruby-3.1.2/gems/railties-6.1.7.6/lib/rails/rack/logger.rb:26:in `block in call'[0m
      [36m# /home/ec2-user/.rvm/gems/ruby-3.1.2/gems/railties-6.1.7.6/lib/rails/rack/logger.rb:26:in `call'[0m
      [36m# /home/ec2-user/.rvm/gems/ruby-3.1.2/gems/rack-2.2.8/lib/rack/method_override.rb:24:in `call'[0m
      [36m# /home/ec2-user/.rvm/gems/ruby-3.1.2/gems/rack-2.2.8/lib/rack/runtime.rb:22:in `call'[0m
      [36m# /home/ec2-user/.rvm/gems/ruby-3.1.2/gems/rack-2.2.8/lib/rack/sendfile.rb:110:in `call'[0m
      [36m# /home/ec2-user/.rvm/gems/ruby-3.1.2/gems/railties-6.1.7.6/lib/rails/engine.rb:539:in `call'[0m
      [36m# /home/ec2-user/.rvm/gems/ruby-3.1.2/gems/rack-2.2.8/lib/rack/urlmap.rb:74:in `block in call'[0m
      [36m# /home/ec2-user/.rvm/gems/ruby-3.1.2/gems/rack-2.2.8/lib/rack/urlmap.rb:58:in `each'[0m
      [36m# /home/ec2-user/.rvm/gems/ruby-3.1.2/gems/rack-2.2.8/lib/rack/urlmap.rb:58:in `call'[0m
      [36m# /home/ec2-user/.rvm/gems/ruby-3.1.2/gems/rack-2.2.8/lib/rack/builder.rb:244:in `call'[0m
      [36m# /home/ec2-user/.rvm/gems/ruby-3.1.2/gems/rack-test-2.1.0/lib/rack/test.rb:360:in `process_request'[0m
      [36m# /home/ec2-user/.rvm/gems/ruby-3.1.2/gems/rack-test-2.1.0/lib/rack/test.rb:163:in `custom_request'[0m
      [36m# /home/ec2-user/.rvm/gems/ruby-3.1.2/gems/rack-test-2.1.0/lib/rack/test.rb:112:in `get'[0m
      [36m# /home/ec2-user/.rvm/gems/ruby-3.1.2/gems/capybara-3.39.2/lib/capybara/rack_test/browser.rb:80:in `process'[0m
      [36m# /home/ec2-user/.rvm/gems/ruby-3.1.2/gems/capybara-3.39.2/lib/capybara/rack_test/browser.rb:55:in `process_and_follow_redirects'[0m
      [36m# /home/ec2-user/.rvm/gems/ruby-3.1.2/gems/capybara-3.39.2/lib/capybara/rack_test/browser.rb:26:in `visit'[0m
      [36m# /home/ec2-user/.rvm/gems/ruby-3.1.2/gems/capybara-3.39.2/lib/capybara/rack_test/driver.rb:46:in `visit'[0m
      [36m# /home/ec2-user/.rvm/gems/ruby-3.1.2/gems/capybara-3.39.2/lib/capybara/session.rb:280:in `visit'[0m
      [36m# /home/ec2-user/.rvm/gems/ruby-3.1.2/gems/capybara-3.39.2/lib/capybara/dsl.rb:52:in `call'[0m
      [36m# /home/ec2-user/.rvm/gems/ruby-3.1.2/gems/capybara-3.39.2/lib/capybara/dsl.rb:52:in `visit'[0m
      [36m# ./spec/system/02_after_login_spec.rb:265:in `block (3 levels) in <main>'[0m
      [36m# ------------------[0m
      [36m# --- Caused by: ---[0m
      [36m# NoMethodError:[0m
      [36m#   undefined method `user_introduction' for #<User id: 1, email: "leida@mcdermott.test", name: "88qie9s3ww", created_at: "2023-12-13 08:13:27.085009000 +0000", updated_at: "2023-12-13 08:13:27.096588000 +0000", introduction: "sv62khmij2i557ecrx1u">[0m
      [36m#   ./app/views/users/index.html.erb:17:in `_app_views_users_index_html_erb___4493874604543645665_27160'[0m

  38) [STEP2] ユーザログイン後のテスト ユーザ一覧画面のテスト サイドバーの確認 「New book」と表示される
      [31mFailure/Error: <td><%= @user.user_introduction %></td>[0m
      [31m[0m
      [31mActionView::Template::Error:[0m
      [31m  undefined method `user_introduction' for #<User id: 1, email: "jed@howell.example", name: "b6zfx0058y", created_at: "2023-12-13 08:13:27.264215000 +0000", updated_at: "2023-12-13 08:13:27.275591000 +0000", introduction: "6qf76g1pebkc1omlwhua">[0m
      [36m# ./app/views/users/index.html.erb:17:in `_app_views_users_index_html_erb___4493874604543645665_27160'[0m
      [36m# /home/ec2-user/.rvm/gems/ruby-3.1.2/gems/actiontext-6.1.7.6/lib/action_text/rendering.rb:20:in `with_renderer'[0m
      [36m# /home/ec2-user/.rvm/gems/ruby-3.1.2/gems/actiontext-6.1.7.6/lib/action_text/engine.rb:59:in `block (4 levels) in <class:Engine>'[0m
      [36m# /home/ec2-user/.rvm/gems/ruby-3.1.2/gems/warden-1.2.9/lib/warden/manager.rb:36:in `block in call'[0m
      [36m# /home/ec2-user/.rvm/gems/ruby-3.1.2/gems/warden-1.2.9/lib/warden/manager.rb:34:in `catch'[0m
      [36m# /home/ec2-user/.rvm/gems/ruby-3.1.2/gems/warden-1.2.9/lib/warden/manager.rb:34:in `call'[0m
      [36m# /home/ec2-user/.rvm/gems/ruby-3.1.2/gems/rack-2.2.8/lib/rack/tempfile_reaper.rb:15:in `call'[0m
      [36m# /home/ec2-user/.rvm/gems/ruby-3.1.2/gems/rack-2.2.8/lib/rack/etag.rb:27:in `call'[0m
      [36m# /home/ec2-user/.rvm/gems/ruby-3.1.2/gems/rack-2.2.8/lib/rack/conditional_get.rb:27:in `call'[0m
      [36m# /home/ec2-user/.rvm/gems/ruby-3.1.2/gems/rack-2.2.8/lib/rack/head.rb:12:in `call'[0m
      [36m# /home/ec2-user/.rvm/gems/ruby-3.1.2/gems/rack-2.2.8/lib/rack/session/abstract/id.rb:266:in `context'[0m
      [36m# /home/ec2-user/.rvm/gems/ruby-3.1.2/gems/rack-2.2.8/lib/rack/session/abstract/id.rb:260:in `call'[0m
      [36m# /home/ec2-user/.rvm/gems/ruby-3.1.2/gems/railties-6.1.7.6/lib/rails/rack/logger.rb:37:in `call_app'[0m
      [36m# /home/ec2-user/.rvm/gems/ruby-3.1.2/gems/railties-6.1.7.6/lib/rails/rack/logger.rb:26:in `block in call'[0m
      [36m# /home/ec2-user/.rvm/gems/ruby-3.1.2/gems/railties-6.1.7.6/lib/rails/rack/logger.rb:26:in `call'[0m
      [36m# /home/ec2-user/.rvm/gems/ruby-3.1.2/gems/rack-2.2.8/lib/rack/method_override.rb:24:in `call'[0m
      [36m# /home/ec2-user/.rvm/gems/ruby-3.1.2/gems/rack-2.2.8/lib/rack/runtime.rb:22:in `call'[0m
      [36m# /home/ec2-user/.rvm/gems/ruby-3.1.2/gems/rack-2.2.8/lib/rack/sendfile.rb:110:in `call'[0m
      [36m# /home/ec2-user/.rvm/gems/ruby-3.1.2/gems/railties-6.1.7.6/lib/rails/engine.rb:539:in `call'[0m
      [36m# /home/ec2-user/.rvm/gems/ruby-3.1.2/gems/rack-2.2.8/lib/rack/urlmap.rb:74:in `block in call'[0m
      [36m# /home/ec2-user/.rvm/gems/ruby-3.1.2/gems/rack-2.2.8/lib/rack/urlmap.rb:58:in `each'[0m
      [36m# /home/ec2-user/.rvm/gems/ruby-3.1.2/gems/rack-2.2.8/lib/rack/urlmap.rb:58:in `call'[0m
      [36m# /home/ec2-user/.rvm/gems/ruby-3.1.2/gems/rack-2.2.8/lib/rack/builder.rb:244:in `call'[0m
      [36m# /home/ec2-user/.rvm/gems/ruby-3.1.2/gems/rack-test-2.1.0/lib/rack/test.rb:360:in `process_request'[0m
      [36m# /home/ec2-user/.rvm/gems/ruby-3.1.2/gems/rack-test-2.1.0/lib/rack/test.rb:163:in `custom_request'[0m
      [36m# /home/ec2-user/.rvm/gems/ruby-3.1.2/gems/rack-test-2.1.0/lib/rack/test.rb:112:in `get'[0m
      [36m# /home/ec2-user/.rvm/gems/ruby-3.1.2/gems/capybara-3.39.2/lib/capybara/rack_test/browser.rb:80:in `process'[0m
      [36m# /home/ec2-user/.rvm/gems/ruby-3.1.2/gems/capybara-3.39.2/lib/capybara/rack_test/browser.rb:55:in `process_and_follow_redirects'[0m
      [36m# /home/ec2-user/.rvm/gems/ruby-3.1.2/gems/capybara-3.39.2/lib/capybara/rack_test/browser.rb:26:in `visit'[0m
      [36m# /home/ec2-user/.rvm/gems/ruby-3.1.2/gems/capybara-3.39.2/lib/capybara/rack_test/driver.rb:46:in `visit'[0m
      [36m# /home/ec2-user/.rvm/gems/ruby-3.1.2/gems/capybara-3.39.2/lib/capybara/session.rb:280:in `visit'[0m
      [36m# /home/ec2-user/.rvm/gems/ruby-3.1.2/gems/capybara-3.39.2/lib/capybara/dsl.rb:52:in `call'[0m
      [36m# /home/ec2-user/.rvm/gems/ruby-3.1.2/gems/capybara-3.39.2/lib/capybara/dsl.rb:52:in `visit'[0m
      [36m# ./spec/system/02_after_login_spec.rb:265:in `block (3 levels) in <main>'[0m
      [36m# ------------------[0m
      [36m# --- Caused by: ---[0m
      [36m# NoMethodError:[0m
      [36m#   undefined method `user_introduction' for #<User id: 1, email: "jed@howell.example", name: "b6zfx0058y", created_at: "2023-12-13 08:13:27.264215000 +0000", updated_at: "2023-12-13 08:13:27.275591000 +0000", introduction: "6qf76g1pebkc1omlwhua">[0m
      [36m#   ./app/views/users/index.html.erb:17:in `_app_views_users_index_html_erb___4493874604543645665_27160'[0m

  39) [STEP2] ユーザログイン後のテスト ユーザ一覧画面のテスト サイドバーの確認 titleフォームが表示される
      [31mFailure/Error: <td><%= @user.user_introduction %></td>[0m
      [31m[0m
      [31mActionView::Template::Error:[0m
      [31m  undefined method `user_introduction' for #<User id: 1, email: "bruce.nolan@jenkins.test", name: "3ilu58qnef", created_at: "2023-12-13 08:13:27.447051000 +0000", updated_at: "2023-12-13 08:13:27.463086000 +0000", introduction: "lehaya7oxtqlk9tjg4yv">[0m
      [36m# ./app/views/users/index.html.erb:17:in `_app_views_users_index_html_erb___4493874604543645665_27160'[0m
      [36m# /home/ec2-user/.rvm/gems/ruby-3.1.2/gems/actiontext-6.1.7.6/lib/action_text/rendering.rb:20:in `with_renderer'[0m
      [36m# /home/ec2-user/.rvm/gems/ruby-3.1.2/gems/actiontext-6.1.7.6/lib/action_text/engine.rb:59:in `block (4 levels) in <class:Engine>'[0m
      [36m# /home/ec2-user/.rvm/gems/ruby-3.1.2/gems/warden-1.2.9/lib/warden/manager.rb:36:in `block in call'[0m
      [36m# /home/ec2-user/.rvm/gems/ruby-3.1.2/gems/warden-1.2.9/lib/warden/manager.rb:34:in `catch'[0m
      [36m# /home/ec2-user/.rvm/gems/ruby-3.1.2/gems/warden-1.2.9/lib/warden/manager.rb:34:in `call'[0m
      [36m# /home/ec2-user/.rvm/gems/ruby-3.1.2/gems/rack-2.2.8/lib/rack/tempfile_reaper.rb:15:in `call'[0m
      [36m# /home/ec2-user/.rvm/gems/ruby-3.1.2/gems/rack-2.2.8/lib/rack/etag.rb:27:in `call'[0m
      [36m# /home/ec2-user/.rvm/gems/ruby-3.1.2/gems/rack-2.2.8/lib/rack/conditional_get.rb:27:in `call'[0m
      [36m# /home/ec2-user/.rvm/gems/ruby-3.1.2/gems/rack-2.2.8/lib/rack/head.rb:12:in `call'[0m
      [36m# /home/ec2-user/.rvm/gems/ruby-3.1.2/gems/rack-2.2.8/lib/rack/session/abstract/id.rb:266:in `context'[0m
      [36m# /home/ec2-user/.rvm/gems/ruby-3.1.2/gems/rack-2.2.8/lib/rack/session/abstract/id.rb:260:in `call'[0m
      [36m# /home/ec2-user/.rvm/gems/ruby-3.1.2/gems/railties-6.1.7.6/lib/rails/rack/logger.rb:37:in `call_app'[0m
      [36m# /home/ec2-user/.rvm/gems/ruby-3.1.2/gems/railties-6.1.7.6/lib/rails/rack/logger.rb:26:in `block in call'[0m
      [36m# /home/ec2-user/.rvm/gems/ruby-3.1.2/gems/railties-6.1.7.6/lib/rails/rack/logger.rb:26:in `call'[0m
      [36m# /home/ec2-user/.rvm/gems/ruby-3.1.2/gems/rack-2.2.8/lib/rack/method_override.rb:24:in `call'[0m
      [36m# /home/ec2-user/.rvm/gems/ruby-3.1.2/gems/rack-2.2.8/lib/rack/runtime.rb:22:in `call'[0m
      [36m# /home/ec2-user/.rvm/gems/ruby-3.1.2/gems/rack-2.2.8/lib/rack/sendfile.rb:110:in `call'[0m
      [36m# /home/ec2-user/.rvm/gems/ruby-3.1.2/gems/railties-6.1.7.6/lib/rails/engine.rb:539:in `call'[0m
      [36m# /home/ec2-user/.rvm/gems/ruby-3.1.2/gems/rack-2.2.8/lib/rack/urlmap.rb:74:in `block in call'[0m
      [36m# /home/ec2-user/.rvm/gems/ruby-3.1.2/gems/rack-2.2.8/lib/rack/urlmap.rb:58:in `each'[0m
      [36m# /home/ec2-user/.rvm/gems/ruby-3.1.2/gems/rack-2.2.8/lib/rack/urlmap.rb:58:in `call'[0m
      [36m# /home/ec2-user/.rvm/gems/ruby-3.1.2/gems/rack-2.2.8/lib/rack/builder.rb:244:in `call'[0m
      [36m# /home/ec2-user/.rvm/gems/ruby-3.1.2/gems/rack-test-2.1.0/lib/rack/test.rb:360:in `process_request'[0m
      [36m# /home/ec2-user/.rvm/gems/ruby-3.1.2/gems/rack-test-2.1.0/lib/rack/test.rb:163:in `custom_request'[0m
      [36m# /home/ec2-user/.rvm/gems/ruby-3.1.2/gems/rack-test-2.1.0/lib/rack/test.rb:112:in `get'[0m
      [36m# /home/ec2-user/.rvm/gems/ruby-3.1.2/gems/capybara-3.39.2/lib/capybara/rack_test/browser.rb:80:in `process'[0m
      [36m# /home/ec2-user/.rvm/gems/ruby-3.1.2/gems/capybara-3.39.2/lib/capybara/rack_test/browser.rb:55:in `process_and_follow_redirects'[0m
      [36m# /home/ec2-user/.rvm/gems/ruby-3.1.2/gems/capybara-3.39.2/lib/capybara/rack_test/browser.rb:26:in `visit'[0m
      [36m# /home/ec2-user/.rvm/gems/ruby-3.1.2/gems/capybara-3.39.2/lib/capybara/rack_test/driver.rb:46:in `visit'[0m
      [36m# /home/ec2-user/.rvm/gems/ruby-3.1.2/gems/capybara-3.39.2/lib/capybara/session.rb:280:in `visit'[0m
      [36m# /home/ec2-user/.rvm/gems/ruby-3.1.2/gems/capybara-3.39.2/lib/capybara/dsl.rb:52:in `call'[0m
      [36m# /home/ec2-user/.rvm/gems/ruby-3.1.2/gems/capybara-3.39.2/lib/capybara/dsl.rb:52:in `visit'[0m
      [36m# ./spec/system/02_after_login_spec.rb:265:in `block (3 levels) in <main>'[0m
      [36m# ------------------[0m
      [36m# --- Caused by: ---[0m
      [36m# NoMethodError:[0m
      [36m#   undefined method `user_introduction' for #<User id: 1, email: "bruce.nolan@jenkins.test", name: "3ilu58qnef", created_at: "2023-12-13 08:13:27.447051000 +0000", updated_at: "2023-12-13 08:13:27.463086000 +0000", introduction: "lehaya7oxtqlk9tjg4yv">[0m
      [36m#   ./app/views/users/index.html.erb:17:in `_app_views_users_index_html_erb___4493874604543645665_27160'[0m

  40) [STEP2] ユーザログイン後のテスト ユーザ一覧画面のテスト サイドバーの確認 titleフォームに値が入っていない
      [31mFailure/Error: <td><%= @user.user_introduction %></td>[0m
      [31m[0m
      [31mActionView::Template::Error:[0m
      [31m  undefined method `user_introduction' for #<User id: 1, email: "matthew@wisozk-emmerich.test", name: "5bfdcos8t4", created_at: "2023-12-13 08:13:27.630226000 +0000", updated_at: "2023-12-13 08:13:27.641805000 +0000", introduction: "osowb7poaw5hb11uebo6">[0m
      [36m# ./app/views/users/index.html.erb:17:in `_app_views_users_index_html_erb___4493874604543645665_27160'[0m
      [36m# /home/ec2-user/.rvm/gems/ruby-3.1.2/gems/actiontext-6.1.7.6/lib/action_text/rendering.rb:20:in `with_renderer'[0m
      [36m# /home/ec2-user/.rvm/gems/ruby-3.1.2/gems/actiontext-6.1.7.6/lib/action_text/engine.rb:59:in `block (4 levels) in <class:Engine>'[0m
      [36m# /home/ec2-user/.rvm/gems/ruby-3.1.2/gems/warden-1.2.9/lib/warden/manager.rb:36:in `block in call'[0m
      [36m# /home/ec2-user/.rvm/gems/ruby-3.1.2/gems/warden-1.2.9/lib/warden/manager.rb:34:in `catch'[0m
      [36m# /home/ec2-user/.rvm/gems/ruby-3.1.2/gems/warden-1.2.9/lib/warden/manager.rb:34:in `call'[0m
      [36m# /home/ec2-user/.rvm/gems/ruby-3.1.2/gems/rack-2.2.8/lib/rack/tempfile_reaper.rb:15:in `call'[0m
      [36m# /home/ec2-user/.rvm/gems/ruby-3.1.2/gems/rack-2.2.8/lib/rack/etag.rb:27:in `call'[0m
      [36m# /home/ec2-user/.rvm/gems/ruby-3.1.2/gems/rack-2.2.8/lib/rack/conditional_get.rb:27:in `call'[0m
      [36m# /home/ec2-user/.rvm/gems/ruby-3.1.2/gems/rack-2.2.8/lib/rack/head.rb:12:in `call'[0m
      [36m# /home/ec2-user/.rvm/gems/ruby-3.1.2/gems/rack-2.2.8/lib/rack/session/abstract/id.rb:266:in `context'[0m
      [36m# /home/ec2-user/.rvm/gems/ruby-3.1.2/gems/rack-2.2.8/lib/rack/session/abstract/id.rb:260:in `call'[0m
      [36m# /home/ec2-user/.rvm/gems/ruby-3.1.2/gems/railties-6.1.7.6/lib/rails/rack/logger.rb:37:in `call_app'[0m
      [36m# /home/ec2-user/.rvm/gems/ruby-3.1.2/gems/railties-6.1.7.6/lib/rails/rack/logger.rb:26:in `block in call'[0m
      [36m# /home/ec2-user/.rvm/gems/ruby-3.1.2/gems/railties-6.1.7.6/lib/rails/rack/logger.rb:26:in `call'[0m
      [36m# /home/ec2-user/.rvm/gems/ruby-3.1.2/gems/rack-2.2.8/lib/rack/method_override.rb:24:in `call'[0m
      [36m# /home/ec2-user/.rvm/gems/ruby-3.1.2/gems/rack-2.2.8/lib/rack/runtime.rb:22:in `call'[0m
      [36m# /home/ec2-user/.rvm/gems/ruby-3.1.2/gems/rack-2.2.8/lib/rack/sendfile.rb:110:in `call'[0m
      [36m# /home/ec2-user/.rvm/gems/ruby-3.1.2/gems/railties-6.1.7.6/lib/rails/engine.rb:539:in `call'[0m
      [36m# /home/ec2-user/.rvm/gems/ruby-3.1.2/gems/rack-2.2.8/lib/rack/urlmap.rb:74:in `block in call'[0m
      [36m# /home/ec2-user/.rvm/gems/ruby-3.1.2/gems/rack-2.2.8/lib/rack/urlmap.rb:58:in `each'[0m
      [36m# /home/ec2-user/.rvm/gems/ruby-3.1.2/gems/rack-2.2.8/lib/rack/urlmap.rb:58:in `call'[0m
      [36m# /home/ec2-user/.rvm/gems/ruby-3.1.2/gems/rack-2.2.8/lib/rack/builder.rb:244:in `call'[0m
      [36m# /home/ec2-user/.rvm/gems/ruby-3.1.2/gems/rack-test-2.1.0/lib/rack/test.rb:360:in `process_request'[0m
      [36m# /home/ec2-user/.rvm/gems/ruby-3.1.2/gems/rack-test-2.1.0/lib/rack/test.rb:163:in `custom_request'[0m
      [36m# /home/ec2-user/.rvm/gems/ruby-3.1.2/gems/rack-test-2.1.0/lib/rack/test.rb:112:in `get'[0m
      [36m# /home/ec2-user/.rvm/gems/ruby-3.1.2/gems/capybara-3.39.2/lib/capybara/rack_test/browser.rb:80:in `process'[0m
      [36m# /home/ec2-user/.rvm/gems/ruby-3.1.2/gems/capybara-3.39.2/lib/capybara/rack_test/browser.rb:55:in `process_and_follow_redirects'[0m
      [36m# /home/ec2-user/.rvm/gems/ruby-3.1.2/gems/capybara-3.39.2/lib/capybara/rack_test/browser.rb:26:in `visit'[0m
      [36m# /home/ec2-user/.rvm/gems/ruby-3.1.2/gems/capybara-3.39.2/lib/capybara/rack_test/driver.rb:46:in `visit'[0m
      [36m# /home/ec2-user/.rvm/gems/ruby-3.1.2/gems/capybara-3.39.2/lib/capybara/session.rb:280:in `visit'[0m
      [36m# /home/ec2-user/.rvm/gems/ruby-3.1.2/gems/capybara-3.39.2/lib/capybara/dsl.rb:52:in `call'[0m
      [36m# /home/ec2-user/.rvm/gems/ruby-3.1.2/gems/capybara-3.39.2/lib/capybara/dsl.rb:52:in `visit'[0m
      [36m# ./spec/system/02_after_login_spec.rb:265:in `block (3 levels) in <main>'[0m
      [36m# ------------------[0m
      [36m# --- Caused by: ---[0m
      [36m# NoMethodError:[0m
      [36m#   undefined method `user_introduction' for #<User id: 1, email: "matthew@wisozk-emmerich.test", name: "5bfdcos8t4", created_at: "2023-12-13 08:13:27.630226000 +0000", updated_at: "2023-12-13 08:13:27.641805000 +0000", introduction: "osowb7poaw5hb11uebo6">[0m
      [36m#   ./app/views/users/index.html.erb:17:in `_app_views_users_index_html_erb___4493874604543645665_27160'[0m

  41) [STEP2] ユーザログイン後のテスト ユーザ一覧画面のテスト サイドバーの確認 bodyフォームが表示される
      [31mFailure/Error: <td><%= @user.user_introduction %></td>[0m
      [31m[0m
      [31mActionView::Template::Error:[0m
      [31m  undefined method `user_introduction' for #<User id: 1, email: "sumiko@hoeger-trantow.example", name: "v1vp5lshdv", created_at: "2023-12-13 08:13:27.836994000 +0000", updated_at: "2023-12-13 08:13:27.847821000 +0000", introduction: "aou4ynr122cy2pod11cp">[0m
      [36m# ./app/views/users/index.html.erb:17:in `_app_views_users_index_html_erb___4493874604543645665_27160'[0m
      [36m# /home/ec2-user/.rvm/gems/ruby-3.1.2/gems/actiontext-6.1.7.6/lib/action_text/rendering.rb:20:in `with_renderer'[0m
      [36m# /home/ec2-user/.rvm/gems/ruby-3.1.2/gems/actiontext-6.1.7.6/lib/action_text/engine.rb:59:in `block (4 levels) in <class:Engine>'[0m
      [36m# /home/ec2-user/.rvm/gems/ruby-3.1.2/gems/warden-1.2.9/lib/warden/manager.rb:36:in `block in call'[0m
      [36m# /home/ec2-user/.rvm/gems/ruby-3.1.2/gems/warden-1.2.9/lib/warden/manager.rb:34:in `catch'[0m
      [36m# /home/ec2-user/.rvm/gems/ruby-3.1.2/gems/warden-1.2.9/lib/warden/manager.rb:34:in `call'[0m
      [36m# /home/ec2-user/.rvm/gems/ruby-3.1.2/gems/rack-2.2.8/lib/rack/tempfile_reaper.rb:15:in `call'[0m
      [36m# /home/ec2-user/.rvm/gems/ruby-3.1.2/gems/rack-2.2.8/lib/rack/etag.rb:27:in `call'[0m
      [36m# /home/ec2-user/.rvm/gems/ruby-3.1.2/gems/rack-2.2.8/lib/rack/conditional_get.rb:27:in `call'[0m
      [36m# /home/ec2-user/.rvm/gems/ruby-3.1.2/gems/rack-2.2.8/lib/rack/head.rb:12:in `call'[0m
      [36m# /home/ec2-user/.rvm/gems/ruby-3.1.2/gems/rack-2.2.8/lib/rack/session/abstract/id.rb:266:in `context'[0m
      [36m# /home/ec2-user/.rvm/gems/ruby-3.1.2/gems/rack-2.2.8/lib/rack/session/abstract/id.rb:260:in `call'[0m
      [36m# /home/ec2-user/.rvm/gems/ruby-3.1.2/gems/railties-6.1.7.6/lib/rails/rack/logger.rb:37:in `call_app'[0m
      [36m# /home/ec2-user/.rvm/gems/ruby-3.1.2/gems/railties-6.1.7.6/lib/rails/rack/logger.rb:26:in `block in call'[0m
      [36m# /home/ec2-user/.rvm/gems/ruby-3.1.2/gems/railties-6.1.7.6/lib/rails/rack/logger.rb:26:in `call'[0m
      [36m# /home/ec2-user/.rvm/gems/ruby-3.1.2/gems/rack-2.2.8/lib/rack/method_override.rb:24:in `call'[0m
      [36m# /home/ec2-user/.rvm/gems/ruby-3.1.2/gems/rack-2.2.8/lib/rack/runtime.rb:22:in `call'[0m
      [36m# /home/ec2-user/.rvm/gems/ruby-3.1.2/gems/rack-2.2.8/lib/rack/sendfile.rb:110:in `call'[0m
      [36m# /home/ec2-user/.rvm/gems/ruby-3.1.2/gems/railties-6.1.7.6/lib/rails/engine.rb:539:in `call'[0m
      [36m# /home/ec2-user/.rvm/gems/ruby-3.1.2/gems/rack-2.2.8/lib/rack/urlmap.rb:74:in `block in call'[0m
      [36m# /home/ec2-user/.rvm/gems/ruby-3.1.2/gems/rack-2.2.8/lib/rack/urlmap.rb:58:in `each'[0m
      [36m# /home/ec2-user/.rvm/gems/ruby-3.1.2/gems/rack-2.2.8/lib/rack/urlmap.rb:58:in `call'[0m
      [36m# /home/ec2-user/.rvm/gems/ruby-3.1.2/gems/rack-2.2.8/lib/rack/builder.rb:244:in `call'[0m
      [36m# /home/ec2-user/.rvm/gems/ruby-3.1.2/gems/rack-test-2.1.0/lib/rack/test.rb:360:in `process_request'[0m
      [36m# /home/ec2-user/.rvm/gems/ruby-3.1.2/gems/rack-test-2.1.0/lib/rack/test.rb:163:in `custom_request'[0m
      [36m# /home/ec2-user/.rvm/gems/ruby-3.1.2/gems/rack-test-2.1.0/lib/rack/test.rb:112:in `get'[0m
      [36m# /home/ec2-user/.rvm/gems/ruby-3.1.2/gems/capybara-3.39.2/lib/capybara/rack_test/browser.rb:80:in `process'[0m
      [36m# /home/ec2-user/.rvm/gems/ruby-3.1.2/gems/capybara-3.39.2/lib/capybara/rack_test/browser.rb:55:in `process_and_follow_redirects'[0m
      [36m# /home/ec2-user/.rvm/gems/ruby-3.1.2/gems/capybara-3.39.2/lib/capybara/rack_test/browser.rb:26:in `visit'[0m
      [36m# /home/ec2-user/.rvm/gems/ruby-3.1.2/gems/capybara-3.39.2/lib/capybara/rack_test/driver.rb:46:in `visit'[0m
      [36m# /home/ec2-user/.rvm/gems/ruby-3.1.2/gems/capybara-3.39.2/lib/capybara/session.rb:280:in `visit'[0m
      [36m# /home/ec2-user/.rvm/gems/ruby-3.1.2/gems/capybara-3.39.2/lib/capybara/dsl.rb:52:in `call'[0m
      [36m# /home/ec2-user/.rvm/gems/ruby-3.1.2/gems/capybara-3.39.2/lib/capybara/dsl.rb:52:in `visit'[0m
      [36m# ./spec/system/02_after_login_spec.rb:265:in `block (3 levels) in <main>'[0m
      [36m# ------------------[0m
      [36m# --- Caused by: ---[0m
      [36m# NoMethodError:[0m
      [36m#   undefined method `user_introduction' for #<User id: 1, email: "sumiko@hoeger-trantow.example", name: "v1vp5lshdv", created_at: "2023-12-13 08:13:27.836994000 +0000", updated_at: "2023-12-13 08:13:27.847821000 +0000", introduction: "aou4ynr122cy2pod11cp">[0m
      [36m#   ./app/views/users/index.html.erb:17:in `_app_views_users_index_html_erb___4493874604543645665_27160'[0m

  42) [STEP2] ユーザログイン後のテスト ユーザ一覧画面のテスト サイドバーの確認 bodyフォームに値が入っていない
      [31mFailure/Error: <td><%= @user.user_introduction %></td>[0m
      [31m[0m
      [31mActionView::Template::Error:[0m
      [31m  undefined method `user_introduction' for #<User id: 1, email: "wendolyn_stark@swaniawski.test", name: "hznetfbh2v", created_at: "2023-12-13 08:13:28.032556000 +0000", updated_at: "2023-12-13 08:13:28.042688000 +0000", introduction: "jx0zn3kjptv23ztkacpd">[0m
      [36m# ./app/views/users/index.html.erb:17:in `_app_views_users_index_html_erb___4493874604543645665_27160'[0m
      [36m# /home/ec2-user/.rvm/gems/ruby-3.1.2/gems/actiontext-6.1.7.6/lib/action_text/rendering.rb:20:in `with_renderer'[0m
      [36m# /home/ec2-user/.rvm/gems/ruby-3.1.2/gems/actiontext-6.1.7.6/lib/action_text/engine.rb:59:in `block (4 levels) in <class:Engine>'[0m
      [36m# /home/ec2-user/.rvm/gems/ruby-3.1.2/gems/warden-1.2.9/lib/warden/manager.rb:36:in `block in call'[0m
      [36m# /home/ec2-user/.rvm/gems/ruby-3.1.2/gems/warden-1.2.9/lib/warden/manager.rb:34:in `catch'[0m
      [36m# /home/ec2-user/.rvm/gems/ruby-3.1.2/gems/warden-1.2.9/lib/warden/manager.rb:34:in `call'[0m
      [36m# /home/ec2-user/.rvm/gems/ruby-3.1.2/gems/rack-2.2.8/lib/rack/tempfile_reaper.rb:15:in `call'[0m
      [36m# /home/ec2-user/.rvm/gems/ruby-3.1.2/gems/rack-2.2.8/lib/rack/etag.rb:27:in `call'[0m
      [36m# /home/ec2-user/.rvm/gems/ruby-3.1.2/gems/rack-2.2.8/lib/rack/conditional_get.rb:27:in `call'[0m
      [36m# /home/ec2-user/.rvm/gems/ruby-3.1.2/gems/rack-2.2.8/lib/rack/head.rb:12:in `call'[0m
      [36m# /home/ec2-user/.rvm/gems/ruby-3.1.2/gems/rack-2.2.8/lib/rack/session/abstract/id.rb:266:in `context'[0m
      [36m# /home/ec2-user/.rvm/gems/ruby-3.1.2/gems/rack-2.2.8/lib/rack/session/abstract/id.rb:260:in `call'[0m
      [36m# /home/ec2-user/.rvm/gems/ruby-3.1.2/gems/railties-6.1.7.6/lib/rails/rack/logger.rb:37:in `call_app'[0m
      [36m# /home/ec2-user/.rvm/gems/ruby-3.1.2/gems/railties-6.1.7.6/lib/rails/rack/logger.rb:26:in `block in call'[0m
      [36m# /home/ec2-user/.rvm/gems/ruby-3.1.2/gems/railties-6.1.7.6/lib/rails/rack/logger.rb:26:in `call'[0m
      [36m# /home/ec2-user/.rvm/gems/ruby-3.1.2/gems/rack-2.2.8/lib/rack/method_override.rb:24:in `call'[0m
      [36m# /home/ec2-user/.rvm/gems/ruby-3.1.2/gems/rack-2.2.8/lib/rack/runtime.rb:22:in `call'[0m
      [36m# /home/ec2-user/.rvm/gems/ruby-3.1.2/gems/rack-2.2.8/lib/rack/sendfile.rb:110:in `call'[0m
      [36m# /home/ec2-user/.rvm/gems/ruby-3.1.2/gems/railties-6.1.7.6/lib/rails/engine.rb:539:in `call'[0m
      [36m# /home/ec2-user/.rvm/gems/ruby-3.1.2/gems/rack-2.2.8/lib/rack/urlmap.rb:74:in `block in call'[0m
      [36m# /home/ec2-user/.rvm/gems/ruby-3.1.2/gems/rack-2.2.8/lib/rack/urlmap.rb:58:in `each'[0m
      [36m# /home/ec2-user/.rvm/gems/ruby-3.1.2/gems/rack-2.2.8/lib/rack/urlmap.rb:58:in `call'[0m
      [36m# /home/ec2-user/.rvm/gems/ruby-3.1.2/gems/rack-2.2.8/lib/rack/builder.rb:244:in `call'[0m
      [36m# /home/ec2-user/.rvm/gems/ruby-3.1.2/gems/rack-test-2.1.0/lib/rack/test.rb:360:in `process_request'[0m
      [36m# /home/ec2-user/.rvm/gems/ruby-3.1.2/gems/rack-test-2.1.0/lib/rack/test.rb:163:in `custom_request'[0m
      [36m# /home/ec2-user/.rvm/gems/ruby-3.1.2/gems/rack-test-2.1.0/lib/rack/test.rb:112:in `get'[0m
      [36m# /home/ec2-user/.rvm/gems/ruby-3.1.2/gems/capybara-3.39.2/lib/capybara/rack_test/browser.rb:80:in `process'[0m
      [36m# /home/ec2-user/.rvm/gems/ruby-3.1.2/gems/capybara-3.39.2/lib/capybara/rack_test/browser.rb:55:in `process_and_follow_redirects'[0m
      [36m# /home/ec2-user/.rvm/gems/ruby-3.1.2/gems/capybara-3.39.2/lib/capybara/rack_test/browser.rb:26:in `visit'[0m
      [36m# /home/ec2-user/.rvm/gems/ruby-3.1.2/gems/capybara-3.39.2/lib/capybara/rack_test/driver.rb:46:in `visit'[0m
      [36m# /home/ec2-user/.rvm/gems/ruby-3.1.2/gems/capybara-3.39.2/lib/capybara/session.rb:280:in `visit'[0m
      [36m# /home/ec2-user/.rvm/gems/ruby-3.1.2/gems/capybara-3.39.2/lib/capybara/dsl.rb:52:in `call'[0m
      [36m# /home/ec2-user/.rvm/gems/ruby-3.1.2/gems/capybara-3.39.2/lib/capybara/dsl.rb:52:in `visit'[0m
      [36m# ./spec/system/02_after_login_spec.rb:265:in `block (3 levels) in <main>'[0m
      [36m# ------------------[0m
      [36m# --- Caused by: ---[0m
      [36m# NoMethodError:[0m
      [36m#   undefined method `user_introduction' for #<User id: 1, email: "wendolyn_stark@swaniawski.test", name: "hznetfbh2v", created_at: "2023-12-13 08:13:28.032556000 +0000", updated_at: "2023-12-13 08:13:28.042688000 +0000", introduction: "jx0zn3kjptv23ztkacpd">[0m
      [36m#   ./app/views/users/index.html.erb:17:in `_app_views_users_index_html_erb___4493874604543645665_27160'[0m

  43) [STEP2] ユーザログイン後のテスト ユーザ一覧画面のテスト サイドバーの確認 Create Bookボタンが表示される
      [31mFailure/Error: <td><%= @user.user_introduction %></td>[0m
      [31m[0m
      [31mActionView::Template::Error:[0m
      [31m  undefined method `user_introduction' for #<User id: 1, email: "jody_jacobi@berge-gerhold.example", name: "1srmnaly1d", created_at: "2023-12-13 08:13:28.206694000 +0000", updated_at: "2023-12-13 08:13:28.223002000 +0000", introduction: "7ut0ba5nwfqp3xu27lge">[0m
      [36m# ./app/views/users/index.html.erb:17:in `_app_views_users_index_html_erb___4493874604543645665_27160'[0m
      [36m# /home/ec2-user/.rvm/gems/ruby-3.1.2/gems/actiontext-6.1.7.6/lib/action_text/rendering.rb:20:in `with_renderer'[0m
      [36m# /home/ec2-user/.rvm/gems/ruby-3.1.2/gems/actiontext-6.1.7.6/lib/action_text/engine.rb:59:in `block (4 levels) in <class:Engine>'[0m
      [36m# /home/ec2-user/.rvm/gems/ruby-3.1.2/gems/warden-1.2.9/lib/warden/manager.rb:36:in `block in call'[0m
      [36m# /home/ec2-user/.rvm/gems/ruby-3.1.2/gems/warden-1.2.9/lib/warden/manager.rb:34:in `catch'[0m
      [36m# /home/ec2-user/.rvm/gems/ruby-3.1.2/gems/warden-1.2.9/lib/warden/manager.rb:34:in `call'[0m
      [36m# /home/ec2-user/.rvm/gems/ruby-3.1.2/gems/rack-2.2.8/lib/rack/tempfile_reaper.rb:15:in `call'[0m
      [36m# /home/ec2-user/.rvm/gems/ruby-3.1.2/gems/rack-2.2.8/lib/rack/etag.rb:27:in `call'[0m
      [36m# /home/ec2-user/.rvm/gems/ruby-3.1.2/gems/rack-2.2.8/lib/rack/conditional_get.rb:27:in `call'[0m
      [36m# /home/ec2-user/.rvm/gems/ruby-3.1.2/gems/rack-2.2.8/lib/rack/head.rb:12:in `call'[0m
      [36m# /home/ec2-user/.rvm/gems/ruby-3.1.2/gems/rack-2.2.8/lib/rack/session/abstract/id.rb:266:in `context'[0m
      [36m# /home/ec2-user/.rvm/gems/ruby-3.1.2/gems/rack-2.2.8/lib/rack/session/abstract/id.rb:260:in `call'[0m
      [36m# /home/ec2-user/.rvm/gems/ruby-3.1.2/gems/railties-6.1.7.6/lib/rails/rack/logger.rb:37:in `call_app'[0m
      [36m# /home/ec2-user/.rvm/gems/ruby-3.1.2/gems/railties-6.1.7.6/lib/rails/rack/logger.rb:26:in `block in call'[0m
      [36m# /home/ec2-user/.rvm/gems/ruby-3.1.2/gems/railties-6.1.7.6/lib/rails/rack/logger.rb:26:in `call'[0m
      [36m# /home/ec2-user/.rvm/gems/ruby-3.1.2/gems/rack-2.2.8/lib/rack/method_override.rb:24:in `call'[0m
      [36m# /home/ec2-user/.rvm/gems/ruby-3.1.2/gems/rack-2.2.8/lib/rack/runtime.rb:22:in `call'[0m
      [36m# /home/ec2-user/.rvm/gems/ruby-3.1.2/gems/rack-2.2.8/lib/rack/sendfile.rb:110:in `call'[0m
      [36m# /home/ec2-user/.rvm/gems/ruby-3.1.2/gems/railties-6.1.7.6/lib/rails/engine.rb:539:in `call'[0m
      [36m# /home/ec2-user/.rvm/gems/ruby-3.1.2/gems/rack-2.2.8/lib/rack/urlmap.rb:74:in `block in call'[0m
      [36m# /home/ec2-user/.rvm/gems/ruby-3.1.2/gems/rack-2.2.8/lib/rack/urlmap.rb:58:in `each'[0m
      [36m# /home/ec2-user/.rvm/gems/ruby-3.1.2/gems/rack-2.2.8/lib/rack/urlmap.rb:58:in `call'[0m
      [36m# /home/ec2-user/.rvm/gems/ruby-3.1.2/gems/rack-2.2.8/lib/rack/builder.rb:244:in `call'[0m
      [36m# /home/ec2-user/.rvm/gems/ruby-3.1.2/gems/rack-test-2.1.0/lib/rack/test.rb:360:in `process_request'[0m
      [36m# /home/ec2-user/.rvm/gems/ruby-3.1.2/gems/rack-test-2.1.0/lib/rack/test.rb:163:in `custom_request'[0m
      [36m# /home/ec2-user/.rvm/gems/ruby-3.1.2/gems/rack-test-2.1.0/lib/rack/test.rb:112:in `get'[0m
      [36m# /home/ec2-user/.rvm/gems/ruby-3.1.2/gems/capybara-3.39.2/lib/capybara/rack_test/browser.rb:80:in `process'[0m
      [36m# /home/ec2-user/.rvm/gems/ruby-3.1.2/gems/capybara-3.39.2/lib/capybara/rack_test/browser.rb:55:in `process_and_follow_redirects'[0m
      [36m# /home/ec2-user/.rvm/gems/ruby-3.1.2/gems/capybara-3.39.2/lib/capybara/rack_test/browser.rb:26:in `visit'[0m
      [36m# /home/ec2-user/.rvm/gems/ruby-3.1.2/gems/capybara-3.39.2/lib/capybara/rack_test/driver.rb:46:in `visit'[0m
      [36m# /home/ec2-user/.rvm/gems/ruby-3.1.2/gems/capybara-3.39.2/lib/capybara/session.rb:280:in `visit'[0m
      [36m# /home/ec2-user/.rvm/gems/ruby-3.1.2/gems/capybara-3.39.2/lib/capybara/dsl.rb:52:in `call'[0m
      [36m# /home/ec2-user/.rvm/gems/ruby-3.1.2/gems/capybara-3.39.2/lib/capybara/dsl.rb:52:in `visit'[0m
      [36m# ./spec/system/02_after_login_spec.rb:265:in `block (3 levels) in <main>'[0m
      [36m# ------------------[0m
      [36m# --- Caused by: ---[0m
      [36m# NoMethodError:[0m
      [36m#   undefined method `user_introduction' for #<User id: 1, email: "jody_jacobi@berge-gerhold.example", name: "1srmnaly1d", created_at: "2023-12-13 08:13:28.206694000 +0000", updated_at: "2023-12-13 08:13:28.223002000 +0000", introduction: "7ut0ba5nwfqp3xu27lge">[0m
      [36m#   ./app/views/users/index.html.erb:17:in `_app_views_users_index_html_erb___4493874604543645665_27160'[0m

  44) [STEP2] ユーザログイン後のテスト 自分のユーザ情報編集画面のテスト 表示の確認 Update Userボタンが表示される
      [31mFailure/Error: expect(page).to have_button 'Update User'[0m
      [31m  expected to find button "Update User" that is not disabled but there were no matches[0m
      [36m# ./spec/system/02_after_login_spec.rb:387:in `block (4 levels) in <main>'[0m

  45) [STEP2] ユーザログイン後のテスト 自分のユーザ情報編集画面のテスト 更新成功のテスト nameが正しく更新される
      [31mFailure/Error: click_button 'Update User'[0m
      [31m[0m
      [31mCapybara::ElementNotFound:[0m
      [31m  Unable to find button "Update User" that is not disabled[0m
      [36m# /home/ec2-user/.rvm/gems/ruby-3.1.2/gems/capybara-3.39.2/lib/capybara/node/finders.rb:312:in `block in synced_resolve'[0m
      [36m# /home/ec2-user/.rvm/gems/ruby-3.1.2/gems/capybara-3.39.2/lib/capybara/node/base.rb:84:in `synchronize'[0m
      [36m# /home/ec2-user/.rvm/gems/ruby-3.1.2/gems/capybara-3.39.2/lib/capybara/node/finders.rb:301:in `synced_resolve'[0m
      [36m# /home/ec2-user/.rvm/gems/ruby-3.1.2/gems/capybara-3.39.2/lib/capybara/node/finders.rb:60:in `find'[0m
      [36m# /home/ec2-user/.rvm/gems/ruby-3.1.2/gems/capybara-3.39.2/lib/capybara/node/actions.rb:58:in `click_button'[0m
      [36m# /home/ec2-user/.rvm/gems/ruby-3.1.2/gems/capybara-3.39.2/lib/capybara/session.rb:773:in `click_button'[0m
      [36m# /home/ec2-user/.rvm/gems/ruby-3.1.2/gems/capybara-3.39.2/lib/capybara/dsl.rb:52:in `call'[0m
      [36m# /home/ec2-user/.rvm/gems/ruby-3.1.2/gems/capybara-3.39.2/lib/capybara/dsl.rb:52:in `click_button'[0m
      [36m# ./spec/system/02_after_login_spec.rb:398:in `block (4 levels) in <main>'[0m

  46) [STEP2] ユーザログイン後のテスト 自分のユーザ情報編集画面のテスト 更新成功のテスト introductionが正しく更新される
      [31mFailure/Error: click_button 'Update User'[0m
      [31m[0m
      [31mCapybara::ElementNotFound:[0m
      [31m  Unable to find button "Update User" that is not disabled[0m
      [36m# /home/ec2-user/.rvm/gems/ruby-3.1.2/gems/capybara-3.39.2/lib/capybara/node/finders.rb:312:in `block in synced_resolve'[0m
      [36m# /home/ec2-user/.rvm/gems/ruby-3.1.2/gems/capybara-3.39.2/lib/capybara/node/base.rb:84:in `synchronize'[0m
      [36m# /home/ec2-user/.rvm/gems/ruby-3.1.2/gems/capybara-3.39.2/lib/capybara/node/finders.rb:301:in `synced_resolve'[0m
      [36m# /home/ec2-user/.rvm/gems/ruby-3.1.2/gems/capybara-3.39.2/lib/capybara/node/finders.rb:60:in `find'[0m
      [36m# /home/ec2-user/.rvm/gems/ruby-3.1.2/gems/capybara-3.39.2/lib/capybara/node/actions.rb:58:in `click_button'[0m
      [36m# /home/ec2-user/.rvm/gems/ruby-3.1.2/gems/capybara-3.39.2/lib/capybara/session.rb:773:in `click_button'[0m
      [36m# /home/ec2-user/.rvm/gems/ruby-3.1.2/gems/capybara-3.39.2/lib/capybara/dsl.rb:52:in `call'[0m
      [36m# /home/ec2-user/.rvm/gems/ruby-3.1.2/gems/capybara-3.39.2/lib/capybara/dsl.rb:52:in `click_button'[0m
      [36m# ./spec/system/02_after_login_spec.rb:398:in `block (4 levels) in <main>'[0m

  47) [STEP2] ユーザログイン後のテスト 自分のユーザ情報編集画面のテスト 更新成功のテスト リダイレクト先が、自分のユーザ詳細画面になっている
      [31mFailure/Error: click_button 'Update User'[0m
      [31m[0m
      [31mCapybara::ElementNotFound:[0m
      [31m  Unable to find button "Update User" that is not disabled[0m
      [36m# /home/ec2-user/.rvm/gems/ruby-3.1.2/gems/capybara-3.39.2/lib/capybara/node/finders.rb:312:in `block in synced_resolve'[0m
      [36m# /home/ec2-user/.rvm/gems/ruby-3.1.2/gems/capybara-3.39.2/lib/capybara/node/base.rb:84:in `synchronize'[0m
      [36m# /home/ec2-user/.rvm/gems/ruby-3.1.2/gems/capybara-3.39.2/lib/capybara/node/finders.rb:301:in `synced_resolve'[0m
      [36m# /home/ec2-user/.rvm/gems/ruby-3.1.2/gems/capybara-3.39.2/lib/capybara/node/finders.rb:60:in `find'[0m
      [36m# /home/ec2-user/.rvm/gems/ruby-3.1.2/gems/capybara-3.39.2/lib/capybara/node/actions.rb:58:in `click_button'[0m
      [36m# /home/ec2-user/.rvm/gems/ruby-3.1.2/gems/capybara-3.39.2/lib/capybara/session.rb:773:in `click_button'[0m
      [36m# /home/ec2-user/.rvm/gems/ruby-3.1.2/gems/capybara-3.39.2/lib/capybara/dsl.rb:52:in `call'[0m
      [36m# /home/ec2-user/.rvm/gems/ruby-3.1.2/gems/capybara-3.39.2/lib/capybara/dsl.rb:52:in `click_button'[0m
      [36m# ./spec/system/02_after_login_spec.rb:398:in `block (4 levels) in <main>'[0m

  48) [STEP3] 仕上げのテスト サクセスメッセージのテスト ユーザ新規登録成功時
      [31mFailure/Error: is_expected.to have_content 'successfully'[0m
      [31m  expected to find text "successfully" in "Bookers\nHome About Sign up Log in\nSign up\n1 error prohibited this user from being saved:\nEmail can't be blank\nName\nEmail\nPassword (6 characters minimum)\nPassword confirmation\nLog in\nCopyRight Infratop.inc"[0m
      [36m# ./spec/system/03_finishing_touches_spec.rb:19:in `block (3 levels) in <main>'[0m

  49) [STEP3] 仕上げのテスト サクセスメッセージのテスト ユーザログアウト成功時
      [31mFailure/Error: is_expected.to have_content 'successfully'[0m
      [31m  expected to find text "successfully" in "Bookers\nHome Users Books Log out\nUser info\nName\nImage\nIntroduction\nCopyRight Infratop.inc"[0m
      [36m# ./spec/system/03_finishing_touches_spec.rb:36:in `block (3 levels) in <main>'[0m

  50) [STEP3] 仕上げのテスト サクセスメッセージのテスト ユーザのプロフィール情報更新成功時
      [31mFailure/Error: click_button 'Update User'[0m
      [31m[0m
      [31mCapybara::ElementNotFound:[0m
      [31m  Unable to find button "Update User" that is not disabled[0m
      [36m# /home/ec2-user/.rvm/gems/ruby-3.1.2/gems/capybara-3.39.2/lib/capybara/node/finders.rb:312:in `block in synced_resolve'[0m
      [36m# /home/ec2-user/.rvm/gems/ruby-3.1.2/gems/capybara-3.39.2/lib/capybara/node/base.rb:84:in `synchronize'[0m
      [36m# /home/ec2-user/.rvm/gems/ruby-3.1.2/gems/capybara-3.39.2/lib/capybara/node/finders.rb:301:in `synced_resolve'[0m
      [36m# /home/ec2-user/.rvm/gems/ruby-3.1.2/gems/capybara-3.39.2/lib/capybara/node/finders.rb:60:in `find'[0m
      [36m# /home/ec2-user/.rvm/gems/ruby-3.1.2/gems/capybara-3.39.2/lib/capybara/node/actions.rb:58:in `click_button'[0m
      [36m# /home/ec2-user/.rvm/gems/ruby-3.1.2/gems/capybara-3.39.2/lib/capybara/session.rb:773:in `click_button'[0m
      [36m# /home/ec2-user/.rvm/gems/ruby-3.1.2/gems/capybara-3.39.2/lib/capybara/dsl.rb:52:in `call'[0m
      [36m# /home/ec2-user/.rvm/gems/ruby-3.1.2/gems/capybara-3.39.2/lib/capybara/dsl.rb:52:in `click_button'[0m
      [36m# ./spec/system/03_finishing_touches_spec.rb:44:in `block (3 levels) in <main>'[0m

  51) [STEP3] 仕上げのテスト 処理失敗時のテスト ユーザ新規登録失敗: nameを1文字にする 新規登録画面を表示しており、フォームの内容が正しい
      [31mFailure/Error: expect(page).to have_field 'user[email]', with: @email[0m
      [31m  expected to find visible field "user[email]" that is not disabled with value "aerika_hammes@lind-metz.example" but there were no matches. Also found "", which matched the selector but not all filters. Expected value to be "aerika_hammes@lind-metz.example" but was ""[0m
      [36m# ./spec/system/03_finishing_touches_spec.rb:88:in `block (4 levels) in <main>'[0m

  52) [STEP3] 仕上げのテスト 処理失敗時のテスト ユーザのプロフィール情報編集失敗: nameを1文字にする 更新されない
      [31mFailure/Error: click_button 'Update User'[0m
      [31m[0m
      [31mCapybara::ElementNotFound:[0m
      [31m  Unable to find button "Update User" that is not disabled[0m
      [36m# /home/ec2-user/.rvm/gems/ruby-3.1.2/gems/capybara-3.39.2/lib/capybara/node/finders.rb:312:in `block in synced_resolve'[0m
      [36m# /home/ec2-user/.rvm/gems/ruby-3.1.2/gems/capybara-3.39.2/lib/capybara/node/base.rb:84:in `synchronize'[0m
      [36m# /home/ec2-user/.rvm/gems/ruby-3.1.2/gems/capybara-3.39.2/lib/capybara/node/finders.rb:301:in `synced_resolve'[0m
      [36m# /home/ec2-user/.rvm/gems/ruby-3.1.2/gems/capybara-3.39.2/lib/capybara/node/finders.rb:60:in `find'[0m
      [36m# /home/ec2-user/.rvm/gems/ruby-3.1.2/gems/capybara-3.39.2/lib/capybara/node/actions.rb:58:in `click_button'[0m
      [36m# /home/ec2-user/.rvm/gems/ruby-3.1.2/gems/capybara-3.39.2/lib/capybara/session.rb:773:in `click_button'[0m
      [36m# /home/ec2-user/.rvm/gems/ruby-3.1.2/gems/capybara-3.39.2/lib/capybara/dsl.rb:52:in `call'[0m
      [36m# /home/ec2-user/.rvm/gems/ruby-3.1.2/gems/capybara-3.39.2/lib/capybara/dsl.rb:52:in `click_button'[0m
      [36m# ./spec/system/03_finishing_touches_spec.rb:106:in `block (4 levels) in <main>'[0m

  53) [STEP3] 仕上げのテスト 処理失敗時のテスト ユーザのプロフィール情報編集失敗: nameを1文字にする ユーザ編集画面を表示しており、フォームの内容が正しい
      [31mFailure/Error: click_button 'Update User'[0m
      [31m[0m
      [31mCapybara::ElementNotFound:[0m
      [31m  Unable to find button "Update User" that is not disabled[0m
      [36m# /home/ec2-user/.rvm/gems/ruby-3.1.2/gems/capybara-3.39.2/lib/capybara/node/finders.rb:312:in `block in synced_resolve'[0m
      [36m# /home/ec2-user/.rvm/gems/ruby-3.1.2/gems/capybara-3.39.2/lib/capybara/node/base.rb:84:in `synchronize'[0m
      [36m# /home/ec2-user/.rvm/gems/ruby-3.1.2/gems/capybara-3.39.2/lib/capybara/node/finders.rb:301:in `synced_resolve'[0m
      [36m# /home/ec2-user/.rvm/gems/ruby-3.1.2/gems/capybara-3.39.2/lib/capybara/node/finders.rb:60:in `find'[0m
      [36m# /home/ec2-user/.rvm/gems/ruby-3.1.2/gems/capybara-3.39.2/lib/capybara/node/actions.rb:58:in `click_button'[0m
      [36m# /home/ec2-user/.rvm/gems/ruby-3.1.2/gems/capybara-3.39.2/lib/capybara/session.rb:773:in `click_button'[0m
      [36m# /home/ec2-user/.rvm/gems/ruby-3.1.2/gems/capybara-3.39.2/lib/capybara/dsl.rb:52:in `call'[0m
      [36m# /home/ec2-user/.rvm/gems/ruby-3.1.2/gems/capybara-3.39.2/lib/capybara/dsl.rb:52:in `click_button'[0m
      [36m# ./spec/system/03_finishing_touches_spec.rb:106:in `block (4 levels) in <main>'[0m

  54) [STEP3] 仕上げのテスト 処理失敗時のテスト ユーザのプロフィール情報編集失敗: nameを1文字にする バリデーションエラーが表示される
      [31mFailure/Error: click_button 'Update User'[0m
      [31m[0m
      [31mCapybara::ElementNotFound:[0m
      [31m  Unable to find button "Update User" that is not disabled[0m
      [36m# /home/ec2-user/.rvm/gems/ruby-3.1.2/gems/capybara-3.39.2/lib/capybara/node/finders.rb:312:in `block in synced_resolve'[0m
      [36m# /home/ec2-user/.rvm/gems/ruby-3.1.2/gems/capybara-3.39.2/lib/capybara/node/base.rb:84:in `synchronize'[0m
      [36m# /home/ec2-user/.rvm/gems/ruby-3.1.2/gems/capybara-3.39.2/lib/capybara/node/finders.rb:301:in `synced_resolve'[0m
      [36m# /home/ec2-user/.rvm/gems/ruby-3.1.2/gems/capybara-3.39.2/lib/capybara/node/finders.rb:60:in `find'[0m
      [36m# /home/ec2-user/.rvm/gems/ruby-3.1.2/gems/capybara-3.39.2/lib/capybara/node/actions.rb:58:in `click_button'[0m
      [36m# /home/ec2-user/.rvm/gems/ruby-3.1.2/gems/capybara-3.39.2/lib/capybara/session.rb:773:in `click_button'[0m
      [36m# /home/ec2-user/.rvm/gems/ruby-3.1.2/gems/capybara-3.39.2/lib/capybara/dsl.rb:52:in `call'[0m
      [36m# /home/ec2-user/.rvm/gems/ruby-3.1.2/gems/capybara-3.39.2/lib/capybara/dsl.rb:52:in `click_button'[0m
      [36m# ./spec/system/03_finishing_touches_spec.rb:106:in `block (4 levels) in <main>'[0m

  55) [STEP3] 仕上げのテスト 処理失敗時のテスト 投稿データの新規投稿失敗: 投稿一覧画面から行い、titleを空にする 投稿一覧画面を表示している
      [31mFailure/Error: expect(page).to have_content book.body[0m
      [31m  expected to find text "cezcsszri6az97ir7ld3" in "Bookers\nHome Users Books Log out\nNew book\n1件のエラーが発生しました\nTitle can't be blank\nTitle\nOpinion\n7s5r3vmla8u17kfx47w\nCopyRight Infratop.inc"[0m
      [36m# ./spec/system/03_finishing_touches_spec.rb:137:in `block (4 levels) in <main>'[0m

  56) [STEP3] 仕上げのテスト 処理失敗時のテスト 投稿データの更新失敗: titleを空にする エラーメッセージが表示される
      [31mFailure/Error: expect(page).to have_content 'error'[0m
      [31m  expected to find text "error" in "Bookers\nHome Users Books Log out\nEditing Book\n1件のエラーが発生しました\nTitle can't be blank\nTitle\nOpinion\nfh3tqjkigpvr7fvog7kh\nCopyRight Infratop.inc"[0m
      [36m# ./spec/system/03_finishing_touches_spec.rb:171:in `block (4 levels) in <main>'[0m

  57) [STEP3] 仕上げのテスト 他人の画面のテスト 他人の投稿詳細画面のテスト 表示内容の確認 投稿の編集リンクが表示されない
      [31mFailure/Error: expect(page).not_to have_link 'Edit'[0m
      [31m  expected not to find visible link "Edit", found 1 match: "Edit"[0m
      [36m# ./spec/system/03_finishing_touches_spec.rb:235:in `block (5 levels) in <main>'[0m

  58) [STEP3] 仕上げのテスト 他人の画面のテスト 他人の投稿詳細画面のテスト サイドバーの確認 他人の名前と紹介文が表示される
      [31mFailure/Error: expect(page).to have_content other_user.introduction[0m
      [31m  expected to find text "iqmlruyy3757sdxolvbc" in "Bookers\nHome Users Books Log out\nUser info\nName Introduction e9nsapbs7o zai2nuhzga87xpy9c3nf\nNew book\nTitle\nOpinion\n1sqomddp8m2tdvflpzhv\nBook detail\n96fkex5f7s 053lw 1sqomddp8m2tdvflpzhv\nEdit\nCopyRight Infratop.inc"[0m
      [36m# ./spec/system/03_finishing_touches_spec.rb:245:in `block (5 levels) in <main>'[0m

  59) [STEP3] 仕上げのテスト 他人の画面のテスト 他人の投稿詳細画面のテスト サイドバーの確認 他人のユーザ編集画面へのリンクが存在する
      [31mFailure/Error: expect(page).to have_link '', href: edit_user_path(other_user)[0m
      [31m  expected to find link "" with href "/users/2/edit" but there were no matches[0m
      [36m# ./spec/system/03_finishing_touches_spec.rb:248:in `block (5 levels) in <main>'[0m

  60) [STEP3] 仕上げのテスト 他人の画面のテスト 他人の投稿詳細画面のテスト サイドバーの確認 自分の名前と紹介文は表示されない
      [31mFailure/Error: expect(page).not_to have_content user.name[0m
      [31m  expected not to find text "mbzg4c8er9" in "Bookers\nHome Users Books Log out\nUser info\nName Introduction mbzg4c8er9 etujc532yg94igdht8qs\nNew book\nTitle\nOpinion\nutls3o4g42ng2y8oxfou\nBook detail\necdk3ehcdl 0iu8j utls3o4g42ng2y8oxfou\nEdit\nCopyRight Infratop.inc"[0m
      [36m# ./spec/system/03_finishing_touches_spec.rb:251:in `block (5 levels) in <main>'[0m

  61) [STEP3] 仕上げのテスト 他人の画面のテスト 他人の投稿詳細画面のテスト サイドバーの確認 自分のユーザ編集画面へのリンクは存在しない
      [31mFailure/Error: expect(page).not_to have_link '', href: edit_user_path(user)[0m
      [31m  expected not to find visible link "" with href "/users/1/edit", found 1 match: ""[0m
      [36m# ./spec/system/03_finishing_touches_spec.rb:255:in `block (5 levels) in <main>'[0m

  62) [STEP3] 仕上げのテスト 他人の画面のテスト 他人の投稿編集画面 遷移できず、投稿一覧画面にリダイレクトされる
      [31mFailure/Error: expect(current_path).to eq '/books'[0m
      [31m[0m
      [31m  expected: "/books"[0m
      [31m       got: "/books/3/edit"[0m
      [31m[0m
      [31m  (compared using ==)[0m
      [36m# ./spec/system/03_finishing_touches_spec.rb:269:in `block (4 levels) in <main>'[0m

  63) [STEP3] 仕上げのテスト 他人の画面のテスト 他人のユーザ詳細画面のテスト 表示の確認 投稿一覧のユーザ画像のリンク先が正しい
      [31mFailure/Error: expect(page).to have_link '', href: user_path(other_user)[0m
      [31m  expected to find link "" with href "/users/2" but there were no matches[0m
      [36m# ./spec/system/03_finishing_touches_spec.rb:283:in `block (5 levels) in <main>'[0m

  64) [STEP3] 仕上げのテスト 他人の画面のテスト 他人のユーザ詳細画面のテスト サイドバーの確認 他人のユーザ編集画面へのリンクが存在する
      [31mFailure/Error: expect(page).to have_link '', href: edit_user_path(other_user)[0m
      [31m  expected to find link "" with href "/users/2/edit" but there were no matches[0m
      [36m# ./spec/system/03_finishing_touches_spec.rb:303:in `block (5 levels) in <main>'[0m

  65) [STEP3] 仕上げのテスト 他人の画面のテスト 他人のユーザ情報編集画面 遷移できず、自分のユーザ詳細画面にリダイレクトされる
      [31mFailure/Error: expect(current_path).to eq '/users/' + user.id.to_s[0m
      [31m[0m
      [31m  expected: "/users/1"[0m
      [31m       got: "/books"[0m
      [31m[0m
      [31m  (compared using ==)[0m
      [36m# ./spec/system/03_finishing_touches_spec.rb:318:in `block (4 levels) in <main>'[0m

  66) [STEP3] 仕上げのテスト グリッドシステムのテスト: container, row, col-md-〇を正しく使えている ユーザ一覧画面
      [31mFailure/Error: <td><%= @user.user_introduction %></td>[0m
      [31m[0m
      [31mActionView::Template::Error:[0m
      [31m  undefined method `user_introduction' for #<User id: 1, email: "edwardo@bernhard.example", name: "gn12ltx7au", created_at: "2023-12-13 08:13:41.338886000 +0000", updated_at: "2023-12-13 08:13:41.356299000 +0000", introduction: "tkc04a1dnlk3jjlxh861">[0m
      [36m# ./app/views/users/index.html.erb:17:in `_app_views_users_index_html_erb___4493874604543645665_27160'[0m
      [36m# /home/ec2-user/.rvm/gems/ruby-3.1.2/gems/actiontext-6.1.7.6/lib/action_text/rendering.rb:20:in `with_renderer'[0m
      [36m# /home/ec2-user/.rvm/gems/ruby-3.1.2/gems/actiontext-6.1.7.6/lib/action_text/engine.rb:59:in `block (4 levels) in <class:Engine>'[0m
      [36m# /home/ec2-user/.rvm/gems/ruby-3.1.2/gems/warden-1.2.9/lib/warden/manager.rb:36:in `block in call'[0m
      [36m# /home/ec2-user/.rvm/gems/ruby-3.1.2/gems/warden-1.2.9/lib/warden/manager.rb:34:in `catch'[0m
      [36m# /home/ec2-user/.rvm/gems/ruby-3.1.2/gems/warden-1.2.9/lib/warden/manager.rb:34:in `call'[0m
      [36m# /home/ec2-user/.rvm/gems/ruby-3.1.2/gems/rack-2.2.8/lib/rack/tempfile_reaper.rb:15:in `call'[0m
      [36m# /home/ec2-user/.rvm/gems/ruby-3.1.2/gems/rack-2.2.8/lib/rack/etag.rb:27:in `call'[0m
      [36m# /home/ec2-user/.rvm/gems/ruby-3.1.2/gems/rack-2.2.8/lib/rack/conditional_get.rb:27:in `call'[0m
      [36m# /home/ec2-user/.rvm/gems/ruby-3.1.2/gems/rack-2.2.8/lib/rack/head.rb:12:in `call'[0m
      [36m# /home/ec2-user/.rvm/gems/ruby-3.1.2/gems/rack-2.2.8/lib/rack/session/abstract/id.rb:266:in `context'[0m
      [36m# /home/ec2-user/.rvm/gems/ruby-3.1.2/gems/rack-2.2.8/lib/rack/session/abstract/id.rb:260:in `call'[0m
      [36m# /home/ec2-user/.rvm/gems/ruby-3.1.2/gems/railties-6.1.7.6/lib/rails/rack/logger.rb:37:in `call_app'[0m
      [36m# /home/ec2-user/.rvm/gems/ruby-3.1.2/gems/railties-6.1.7.6/lib/rails/rack/logger.rb:26:in `block in call'[0m
      [36m# /home/ec2-user/.rvm/gems/ruby-3.1.2/gems/railties-6.1.7.6/lib/rails/rack/logger.rb:26:in `call'[0m
      [36m# /home/ec2-user/.rvm/gems/ruby-3.1.2/gems/rack-2.2.8/lib/rack/method_override.rb:24:in `call'[0m
      [36m# /home/ec2-user/.rvm/gems/ruby-3.1.2/gems/rack-2.2.8/lib/rack/runtime.rb:22:in `call'[0m
      [36m# /home/ec2-user/.rvm/gems/ruby-3.1.2/gems/rack-2.2.8/lib/rack/sendfile.rb:110:in `call'[0m
      [36m# /home/ec2-user/.rvm/gems/ruby-3.1.2/gems/railties-6.1.7.6/lib/rails/engine.rb:539:in `call'[0m
      [36m# /home/ec2-user/.rvm/gems/ruby-3.1.2/gems/rack-2.2.8/lib/rack/urlmap.rb:74:in `block in call'[0m
      [36m# /home/ec2-user/.rvm/gems/ruby-3.1.2/gems/rack-2.2.8/lib/rack/urlmap.rb:58:in `each'[0m
      [36m# /home/ec2-user/.rvm/gems/ruby-3.1.2/gems/rack-2.2.8/lib/rack/urlmap.rb:58:in `call'[0m
      [36m# /home/ec2-user/.rvm/gems/ruby-3.1.2/gems/rack-2.2.8/lib/rack/builder.rb:244:in `call'[0m
      [36m# /home/ec2-user/.rvm/gems/ruby-3.1.2/gems/rack-test-2.1.0/lib/rack/test.rb:360:in `process_request'[0m
      [36m# /home/ec2-user/.rvm/gems/ruby-3.1.2/gems/rack-test-2.1.0/lib/rack/test.rb:163:in `custom_request'[0m
      [36m# /home/ec2-user/.rvm/gems/ruby-3.1.2/gems/rack-test-2.1.0/lib/rack/test.rb:112:in `get'[0m
      [36m# /home/ec2-user/.rvm/gems/ruby-3.1.2/gems/capybara-3.39.2/lib/capybara/rack_test/browser.rb:80:in `process'[0m
      [36m# /home/ec2-user/.rvm/gems/ruby-3.1.2/gems/capybara-3.39.2/lib/capybara/rack_test/browser.rb:55:in `process_and_follow_redirects'[0m
      [36m# /home/ec2-user/.rvm/gems/ruby-3.1.2/gems/capybara-3.39.2/lib/capybara/rack_test/browser.rb:26:in `visit'[0m
      [36m# /home/ec2-user/.rvm/gems/ruby-3.1.2/gems/capybara-3.39.2/lib/capybara/rack_test/driver.rb:46:in `visit'[0m
      [36m# /home/ec2-user/.rvm/gems/ruby-3.1.2/gems/capybara-3.39.2/lib/capybara/session.rb:280:in `visit'[0m
      [36m# /home/ec2-user/.rvm/gems/ruby-3.1.2/gems/capybara-3.39.2/lib/capybara/dsl.rb:52:in `call'[0m
      [36m# /home/ec2-user/.rvm/gems/ruby-3.1.2/gems/capybara-3.39.2/lib/capybara/dsl.rb:52:in `visit'[0m
      [36m# ./spec/system/03_finishing_touches_spec.rb:334:in `block (3 levels) in <main>'[0m
      [36m# ------------------[0m
      [36m# --- Caused by: ---[0m
      [36m# NoMethodError:[0m
      [36m#   undefined method `user_introduction' for #<User id: 1, email: "edwardo@bernhard.example", name: "gn12ltx7au", created_at: "2023-12-13 08:13:41.338886000 +0000", updated_at: "2023-12-13 08:13:41.356299000 +0000", introduction: "tkc04a1dnlk3jjlxh861">[0m
      [36m#   ./app/views/users/index.html.erb:17:in `_app_views_users_index_html_erb___4493874604543645665_27160'[0m

  67) [STEP3] 仕上げのテスト グリッドシステムのテスト: container, row, col-md-〇を正しく使えている ユーザ詳細画面
      [31mFailure/Error: is_expected.to have_selector '.container .row .col-md-3'[0m
      [31m  expected to find css ".container .row .col-md-3" but there were no matches[0m
      [36m# ./spec/system/03_finishing_touches_spec.rb:340:in `block (3 levels) in <main>'[0m

  68) [STEP3] 仕上げのテスト グリッドシステムのテスト: container, row, col-md-〇を正しく使えている 投稿一覧画面
      [31mFailure/Error: is_expected.to have_selector '.container .row .col-md-3'[0m
      [31m  expected to find css ".container .row .col-md-3" but there were no matches[0m
      [36m# ./spec/system/03_finishing_touches_spec.rb:345:in `block (3 levels) in <main>'[0m

  69) [STEP3] 仕上げのテスト グリッドシステムのテスト: container, row, col-md-〇を正しく使えている 投稿詳細画面
      [31mFailure/Error: is_expected.to have_selector '.container .row .col-md-3'[0m
      [31m  expected to find css ".container .row .col-md-3" but there were no matches[0m
      [36m# ./spec/system/03_finishing_touches_spec.rb:350:in `block (3 levels) in <main>'[0m

  70) [STEP3] 仕上げのテスト アイコンのテスト アバウト画面 本のアイコンが表示される
      [31mFailure/Error: visit '/home/about'[0m
      [31m[0m
      [31mActionController::RoutingError:[0m
      [31m  No route matches [GET] "/home/about"[0m
      [36m# /home/ec2-user/.rvm/gems/ruby-3.1.2/gems/railties-6.1.7.6/lib/rails/rack/logger.rb:37:in `call_app'[0m
      [36m# /home/ec2-user/.rvm/gems/ruby-3.1.2/gems/railties-6.1.7.6/lib/rails/rack/logger.rb:26:in `block in call'[0m
      [36m# /home/ec2-user/.rvm/gems/ruby-3.1.2/gems/railties-6.1.7.6/lib/rails/rack/logger.rb:26:in `call'[0m
      [36m# /home/ec2-user/.rvm/gems/ruby-3.1.2/gems/rack-2.2.8/lib/rack/method_override.rb:24:in `call'[0m
      [36m# /home/ec2-user/.rvm/gems/ruby-3.1.2/gems/rack-2.2.8/lib/rack/runtime.rb:22:in `call'[0m
      [36m# /home/ec2-user/.rvm/gems/ruby-3.1.2/gems/rack-2.2.8/lib/rack/sendfile.rb:110:in `call'[0m
      [36m# /home/ec2-user/.rvm/gems/ruby-3.1.2/gems/railties-6.1.7.6/lib/rails/engine.rb:539:in `call'[0m
      [36m# /home/ec2-user/.rvm/gems/ruby-3.1.2/gems/rack-2.2.8/lib/rack/urlmap.rb:74:in `block in call'[0m
      [36m# /home/ec2-user/.rvm/gems/ruby-3.1.2/gems/rack-2.2.8/lib/rack/urlmap.rb:58:in `each'[0m
      [36m# /home/ec2-user/.rvm/gems/ruby-3.1.2/gems/rack-2.2.8/lib/rack/urlmap.rb:58:in `call'[0m
      [36m# /home/ec2-user/.rvm/gems/ruby-3.1.2/gems/rack-2.2.8/lib/rack/builder.rb:244:in `call'[0m
      [36m# /home/ec2-user/.rvm/gems/ruby-3.1.2/gems/rack-test-2.1.0/lib/rack/test.rb:360:in `process_request'[0m
      [36m# /home/ec2-user/.rvm/gems/ruby-3.1.2/gems/rack-test-2.1.0/lib/rack/test.rb:163:in `custom_request'[0m
      [36m# /home/ec2-user/.rvm/gems/ruby-3.1.2/gems/rack-test-2.1.0/lib/rack/test.rb:112:in `get'[0m
      [36m# /home/ec2-user/.rvm/gems/ruby-3.1.2/gems/capybara-3.39.2/lib/capybara/rack_test/browser.rb:80:in `process'[0m
      [36m# /home/ec2-user/.rvm/gems/ruby-3.1.2/gems/capybara-3.39.2/lib/capybara/rack_test/browser.rb:55:in `process_and_follow_redirects'[0m
      [36m# /home/ec2-user/.rvm/gems/ruby-3.1.2/gems/capybara-3.39.2/lib/capybara/rack_test/browser.rb:26:in `visit'[0m
      [36m# /home/ec2-user/.rvm/gems/ruby-3.1.2/gems/capybara-3.39.2/lib/capybara/rack_test/driver.rb:46:in `visit'[0m
      [36m# /home/ec2-user/.rvm/gems/ruby-3.1.2/gems/capybara-3.39.2/lib/capybara/session.rb:280:in `visit'[0m
      [36m# /home/ec2-user/.rvm/gems/ruby-3.1.2/gems/capybara-3.39.2/lib/capybara/dsl.rb:52:in `call'[0m
      [36m# /home/ec2-user/.rvm/gems/ruby-3.1.2/gems/capybara-3.39.2/lib/capybara/dsl.rb:52:in `visit'[0m
      [36m# ./spec/system/03_finishing_touches_spec.rb:372:in `block (4 levels) in <main>'[0m

  71) [STEP3] 仕上げのテスト アイコンのテスト サイドバー ユーザ一覧画面でレンチアイコンが表示される
      [31mFailure/Error: <td><%= @user.user_introduction %></td>[0m
      [31m[0m
      [31mActionView::Template::Error:[0m
      [31m  undefined method `user_introduction' for #<User id: 1, email: "herbert_becker@white-mcdermott.test", name: "hfdf36gw74", created_at: "2023-12-13 08:13:43.223377000 +0000", updated_at: "2023-12-13 08:13:43.234840000 +0000", introduction: "a6l8aq8mms044d82kbsg">[0m
      [36m# ./app/views/users/index.html.erb:17:in `_app_views_users_index_html_erb___4493874604543645665_27160'[0m
      [36m# /home/ec2-user/.rvm/gems/ruby-3.1.2/gems/actiontext-6.1.7.6/lib/action_text/rendering.rb:20:in `with_renderer'[0m
      [36m# /home/ec2-user/.rvm/gems/ruby-3.1.2/gems/actiontext-6.1.7.6/lib/action_text/engine.rb:59:in `block (4 levels) in <class:Engine>'[0m
      [36m# /home/ec2-user/.rvm/gems/ruby-3.1.2/gems/warden-1.2.9/lib/warden/manager.rb:36:in `block in call'[0m
      [36m# /home/ec2-user/.rvm/gems/ruby-3.1.2/gems/warden-1.2.9/lib/warden/manager.rb:34:in `catch'[0m
      [36m# /home/ec2-user/.rvm/gems/ruby-3.1.2/gems/warden-1.2.9/lib/warden/manager.rb:34:in `call'[0m
      [36m# /home/ec2-user/.rvm/gems/ruby-3.1.2/gems/rack-2.2.8/lib/rack/tempfile_reaper.rb:15:in `call'[0m
      [36m# /home/ec2-user/.rvm/gems/ruby-3.1.2/gems/rack-2.2.8/lib/rack/etag.rb:27:in `call'[0m
      [36m# /home/ec2-user/.rvm/gems/ruby-3.1.2/gems/rack-2.2.8/lib/rack/conditional_get.rb:27:in `call'[0m
      [36m# /home/ec2-user/.rvm/gems/ruby-3.1.2/gems/rack-2.2.8/lib/rack/head.rb:12:in `call'[0m
      [36m# /home/ec2-user/.rvm/gems/ruby-3.1.2/gems/rack-2.2.8/lib/rack/session/abstract/id.rb:266:in `context'[0m
      [36m# /home/ec2-user/.rvm/gems/ruby-3.1.2/gems/rack-2.2.8/lib/rack/session/abstract/id.rb:260:in `call'[0m
      [36m# /home/ec2-user/.rvm/gems/ruby-3.1.2/gems/railties-6.1.7.6/lib/rails/rack/logger.rb:37:in `call_app'[0m
      [36m# /home/ec2-user/.rvm/gems/ruby-3.1.2/gems/railties-6.1.7.6/lib/rails/rack/logger.rb:26:in `block in call'[0m
      [36m# /home/ec2-user/.rvm/gems/ruby-3.1.2/gems/railties-6.1.7.6/lib/rails/rack/logger.rb:26:in `call'[0m
      [36m# /home/ec2-user/.rvm/gems/ruby-3.1.2/gems/rack-2.2.8/lib/rack/method_override.rb:24:in `call'[0m
      [36m# /home/ec2-user/.rvm/gems/ruby-3.1.2/gems/rack-2.2.8/lib/rack/runtime.rb:22:in `call'[0m
      [36m# /home/ec2-user/.rvm/gems/ruby-3.1.2/gems/rack-2.2.8/lib/rack/sendfile.rb:110:in `call'[0m
      [36m# /home/ec2-user/.rvm/gems/ruby-3.1.2/gems/railties-6.1.7.6/lib/rails/engine.rb:539:in `call'[0m
      [36m# /home/ec2-user/.rvm/gems/ruby-3.1.2/gems/rack-2.2.8/lib/rack/urlmap.rb:74:in `block in call'[0m
      [36m# /home/ec2-user/.rvm/gems/ruby-3.1.2/gems/rack-2.2.8/lib/rack/urlmap.rb:58:in `each'[0m
      [36m# /home/ec2-user/.rvm/gems/ruby-3.1.2/gems/rack-2.2.8/lib/rack/urlmap.rb:58:in `call'[0m
      [36m# /home/ec2-user/.rvm/gems/ruby-3.1.2/gems/rack-2.2.8/lib/rack/builder.rb:244:in `call'[0m
      [36m# /home/ec2-user/.rvm/gems/ruby-3.1.2/gems/rack-test-2.1.0/lib/rack/test.rb:360:in `process_request'[0m
      [36m# /home/ec2-user/.rvm/gems/ruby-3.1.2/gems/rack-test-2.1.0/lib/rack/test.rb:163:in `custom_request'[0m
      [36m# /home/ec2-user/.rvm/gems/ruby-3.1.2/gems/rack-test-2.1.0/lib/rack/test.rb:112:in `get'[0m
      [36m# /home/ec2-user/.rvm/gems/ruby-3.1.2/gems/capybara-3.39.2/lib/capybara/rack_test/browser.rb:80:in `process'[0m
      [36m# /home/ec2-user/.rvm/gems/ruby-3.1.2/gems/capybara-3.39.2/lib/capybara/rack_test/browser.rb:55:in `process_and_follow_redirects'[0m
      [36m# /home/ec2-user/.rvm/gems/ruby-3.1.2/gems/capybara-3.39.2/lib/capybara/rack_test/browser.rb:26:in `visit'[0m
      [36m# /home/ec2-user/.rvm/gems/ruby-3.1.2/gems/capybara-3.39.2/lib/capybara/rack_test/driver.rb:46:in `visit'[0m
      [36m# /home/ec2-user/.rvm/gems/ruby-3.1.2/gems/capybara-3.39.2/lib/capybara/session.rb:280:in `visit'[0m
      [36m# /home/ec2-user/.rvm/gems/ruby-3.1.2/gems/capybara-3.39.2/lib/capybara/dsl.rb:52:in `call'[0m
      [36m# /home/ec2-user/.rvm/gems/ruby-3.1.2/gems/capybara-3.39.2/lib/capybara/dsl.rb:52:in `visit'[0m
      [36m# ./spec/system/03_finishing_touches_spec.rb:436:in `block (4 levels) in <main>'[0m
      [36m# ------------------[0m
      [36m# --- Caused by: ---[0m
      [36m# NoMethodError:[0m
      [36m#   undefined method `user_introduction' for #<User id: 1, email: "herbert_becker@white-mcdermott.test", name: "hfdf36gw74", created_at: "2023-12-13 08:13:43.223377000 +0000", updated_at: "2023-12-13 08:13:43.234840000 +0000", introduction: "a6l8aq8mms044d82kbsg">[0m
      [36m#   ./app/views/users/index.html.erb:17:in `_app_views_users_index_html_erb___4493874604543645665_27160'[0m

Finished in 29.5 seconds (files took 1.36 seconds to load)
[31m201 examples, 71 failures[0m

Failed examples:

[31mrspec ./spec/models/user_spec.rb:31[0m [36m# Userモデルのテスト バリデーションのテスト nameカラム 一意性があること[0m
[31mrspec ./spec/system/01_before_login_spec.rb:13[0m [36m# [STEP1] ユーザログイン前のテスト トップ画面のテスト 表示内容の確認 Log inリンクが表示される: 青色のボタンの表示が「Log in」である[0m
[31mrspec ./spec/system/01_before_login_spec.rb:17[0m [36m# [STEP1] ユーザログイン前のテスト トップ画面のテスト 表示内容の確認 Log inリンクの内容が正しい[0m
[31mrspec ./spec/system/01_before_login_spec.rb:21[0m [36m# [STEP1] ユーザログイン前のテスト トップ画面のテスト 表示内容の確認 Sign upリンクが表示される: 緑色のボタンの表示が「Sign up」である[0m
[31mrspec ./spec/system/01_before_login_spec.rb:25[0m [36m# [STEP1] ユーザログイン前のテスト トップ画面のテスト 表示内容の確認 Sign upリンクの内容が正しい[0m
[31mrspec ./spec/system/01_before_login_spec.rb:38[0m [36m# [STEP1] ユーザログイン前のテスト アバウト画面のテスト 表示内容の確認 URLが正しい[0m
[31mrspec ./spec/system/01_before_login_spec.rb:50[0m [36m# [STEP1] ユーザログイン前のテスト ヘッダーのテスト: ログインしていない場合 表示内容の確認 Bookersリンクが表示される: 左上から1番目のリンクが「Bookers」である[0m
[31mrspec ./spec/system/01_before_login_spec.rb:54[0m [36m# [STEP1] ユーザログイン前のテスト ヘッダーのテスト: ログインしていない場合 表示内容の確認 Homeリンクが表示される: 左上から2番目のリンクが「Home」である[0m
[31mrspec ./spec/system/01_before_login_spec.rb:58[0m [36m# [STEP1] ユーザログイン前のテスト ヘッダーのテスト: ログインしていない場合 表示内容の確認 Aboutリンクが表示される: 左上から3番目のリンクが「About」である[0m
[31mrspec ./spec/system/01_before_login_spec.rb:62[0m [36m# [STEP1] ユーザログイン前のテスト ヘッダーのテスト: ログインしていない場合 表示内容の確認 Sign upリンクが表示される: 左上から4番目のリンクが「Sign up」である[0m
[31mrspec ./spec/system/01_before_login_spec.rb:82[0m [36m# [STEP1] ユーザログイン前のテスト ヘッダーのテスト: ログインしていない場合 リンクの内容を確認 Homeを押すと、トップ画面に遷移する[0m
[31mrspec ./spec/system/01_before_login_spec.rb:89[0m [36m# [STEP1] ユーザログイン前のテスト ヘッダーのテスト: ログインしていない場合 リンクの内容を確認 Aboutを押すと、アバウト画面に遷移する[0m
[31mrspec ./spec/system/01_before_login_spec.rb:95[0m [36m# [STEP1] ユーザログイン前のテスト ヘッダーのテスト: ログインしていない場合 リンクの内容を確認 Sign upを押すと、新規登録画面に遷移する[0m
[31mrspec ./spec/system/01_before_login_spec.rb:147[0m [36m# [STEP1] ユーザログイン前のテスト ユーザ新規登録のテスト 新規登録成功のテスト 正しく新規登録される[0m
[31mrspec ./spec/system/01_before_login_spec.rb:150[0m [36m# [STEP1] ユーザログイン前のテスト ユーザ新規登録のテスト 新規登録成功のテスト 新規登録後のリダイレクト先が、新規登録できたユーザの詳細画面になっている[0m
[31mrspec ./spec/system/01_before_login_spec.rb:221[0m [36m# [STEP1] ユーザログイン前のテスト ヘッダーのテスト: ログインしている場合 ヘッダーの表示を確認 Bookersリンクが表示される: 左上から1番目のリンクが「Bookers」である[0m
[31mrspec ./spec/system/01_before_login_spec.rb:225[0m [36m# [STEP1] ユーザログイン前のテスト ヘッダーのテスト: ログインしている場合 ヘッダーの表示を確認 Homeリンクが表示される: 左上から2番目のリンクが「Home」である[0m
[31mrspec ./spec/system/01_before_login_spec.rb:229[0m [36m# [STEP1] ユーザログイン前のテスト ヘッダーのテスト: ログインしている場合 ヘッダーの表示を確認 Usersリンクが表示される: 左上から3番目のリンクが「Users」である[0m
[31mrspec ./spec/system/01_before_login_spec.rb:233[0m [36m# [STEP1] ユーザログイン前のテスト ヘッダーのテスト: ログインしている場合 ヘッダーの表示を確認 Booksリンクが表示される: 左上から4番目のリンクが「Books」である[0m
[31mrspec ./spec/system/01_before_login_spec.rb:237[0m [36m# [STEP1] ユーザログイン前のテスト ヘッダーのテスト: ログインしている場合 ヘッダーの表示を確認 Log outリンクが表示される: 左上から5番目のリンクが「Log out」である[0m
[31mrspec ./spec/system/01_before_login_spec.rb:258[0m [36m# [STEP1] ユーザログイン前のテスト ユーザログアウトのテスト ログアウト機能のテスト 正しくログアウトできている: ログアウト後のリダイレクト先においてAbout画面へのリンクが存在する[0m
[31mrspec ./spec/system/01_before_login_spec.rb:261[0m [36m# [STEP1] ユーザログイン前のテスト ユーザログアウトのテスト ログアウト機能のテスト ログアウト後のリダイレクト先が、トップになっている[0m
[31mrspec ./spec/system/02_after_login_spec.rb:20[0m [36m# [STEP2] ユーザログイン後のテスト ヘッダーのテスト: ログインしている場合 リンクの内容を確認: ※logoutは『ユーザログアウトのテスト』でテスト済みになります。 Homeを押すと、自分のユーザ詳細画面に遷移する[0m
[31mrspec ./spec/system/02_after_login_spec.rb:26[0m [36m# [STEP2] ユーザログイン後のテスト ヘッダーのテスト: ログインしている場合 リンクの内容を確認: ※logoutは『ユーザログアウトのテスト』でテスト済みになります。 Usersを押すと、ユーザ一覧画面に遷移する[0m
[31mrspec ./spec/system/02_after_login_spec.rb:32[0m [36m# [STEP2] ユーザログイン後のテスト ヘッダーのテスト: ログインしている場合 リンクの内容を確認: ※logoutは『ユーザログアウトのテスト』でテスト済みになります。 Booksを押すと、投稿一覧画面に遷移する[0m
[31mrspec ./spec/system/02_after_login_spec.rb:50[0m [36m# [STEP2] ユーザログイン後のテスト 投稿一覧画面のテスト 表示内容の確認 自分と他人の画像のリンク先が正しい[0m
[31mrspec ./spec/system/02_after_login_spec.rb:157[0m [36m# [STEP2] ユーザログイン後のテスト 自分の投稿詳細画面のテスト サイドバーの確認 bodyフォームに値が入っていない[0m
[31mrspec ./spec/system/02_after_login_spec.rb:171[0m [36m# [STEP2] ユーザログイン後のテスト 自分の投稿詳細画面のテスト 投稿成功のテスト 自分の新しい投稿が正しく保存される[0m
[31mrspec ./spec/system/02_after_login_spec.rb:180[0m [36m# [STEP2] ユーザログイン後のテスト 自分の投稿詳細画面のテスト 編集リンクのテスト 編集画面に遷移する[0m
[31mrspec ./spec/system/02_after_login_spec.rb:233[0m [36m# [STEP2] ユーザログイン後のテスト 自分の投稿編集画面のテスト 表示の確認 Showリンクが表示される[0m
[31mrspec ./spec/system/02_after_login_spec.rb:236[0m [36m# [STEP2] ユーザログイン後のテスト 自分の投稿編集画面のテスト 表示の確認 Backリンクが表示される[0m
[31mrspec ./spec/system/02_after_login_spec.rb:269[0m [36m# [STEP2] ユーザログイン後のテスト ユーザ一覧画面のテスト 表示内容の確認 URLが正しい[0m
[31mrspec ./spec/system/02_after_login_spec.rb:272[0m [36m# [STEP2] ユーザログイン後のテスト ユーザ一覧画面のテスト 表示内容の確認 自分と他人の画像が表示される: fallbackの画像がサイドバーの1つ＋一覧(2人)の2つの計3つ存在する[0m
[31mrspec ./spec/system/02_after_login_spec.rb:275[0m [36m# [STEP2] ユーザログイン後のテスト ユーザ一覧画面のテスト 表示内容の確認 自分と他人の名前がそれぞれ表示される[0m
[31mrspec ./spec/system/02_after_login_spec.rb:279[0m [36m# [STEP2] ユーザログイン後のテスト ユーザ一覧画面のテスト 表示内容の確認 自分と他人のshowリンクがそれぞれ表示される[0m
[31mrspec ./spec/system/02_after_login_spec.rb:286[0m [36m# [STEP2] ユーザログイン後のテスト ユーザ一覧画面のテスト サイドバーの確認 自分の名前と紹介文が表示される[0m
[31mrspec ./spec/system/02_after_login_spec.rb:290[0m [36m# [STEP2] ユーザログイン後のテスト ユーザ一覧画面のテスト サイドバーの確認 自分のユーザ編集画面へのリンクが存在する[0m
[31mrspec ./spec/system/02_after_login_spec.rb:293[0m [36m# [STEP2] ユーザログイン後のテスト ユーザ一覧画面のテスト サイドバーの確認 「New book」と表示される[0m
[31mrspec ./spec/system/02_after_login_spec.rb:296[0m [36m# [STEP2] ユーザログイン後のテスト ユーザ一覧画面のテスト サイドバーの確認 titleフォームが表示される[0m
[31mrspec ./spec/system/02_after_login_spec.rb:299[0m [36m# [STEP2] ユーザログイン後のテスト ユーザ一覧画面のテスト サイドバーの確認 titleフォームに値が入っていない[0m
[31mrspec ./spec/system/02_after_login_spec.rb:302[0m [36m# [STEP2] ユーザログイン後のテスト ユーザ一覧画面のテスト サイドバーの確認 bodyフォームが表示される[0m
[31mrspec ./spec/system/02_after_login_spec.rb:305[0m [36m# [STEP2] ユーザログイン後のテスト ユーザ一覧画面のテスト サイドバーの確認 bodyフォームに値が入っていない[0m
[31mrspec ./spec/system/02_after_login_spec.rb:308[0m [36m# [STEP2] ユーザログイン後のテスト ユーザ一覧画面のテスト サイドバーの確認 Create Bookボタンが表示される[0m
[31mrspec ./spec/system/02_after_login_spec.rb:386[0m [36m# [STEP2] ユーザログイン後のテスト 自分のユーザ情報編集画面のテスト 表示の確認 Update Userボタンが表示される[0m
[31mrspec ./spec/system/02_after_login_spec.rb:402[0m [36m# [STEP2] ユーザログイン後のテスト 自分のユーザ情報編集画面のテスト 更新成功のテスト nameが正しく更新される[0m
[31mrspec ./spec/system/02_after_login_spec.rb:405[0m [36m# [STEP2] ユーザログイン後のテスト 自分のユーザ情報編集画面のテスト 更新成功のテスト introductionが正しく更新される[0m
[31mrspec ./spec/system/02_after_login_spec.rb:408[0m [36m# [STEP2] ユーザログイン後のテスト 自分のユーザ情報編集画面のテスト 更新成功のテスト リダイレクト先が、自分のユーザ詳細画面になっている[0m
[31mrspec ./spec/system/03_finishing_touches_spec.rb:12[0m [36m# [STEP3] 仕上げのテスト サクセスメッセージのテスト ユーザ新規登録成功時[0m
[31mrspec ./spec/system/03_finishing_touches_spec.rb:28[0m [36m# [STEP3] 仕上げのテスト サクセスメッセージのテスト ユーザログアウト成功時[0m
[31mrspec ./spec/system/03_finishing_touches_spec.rb:38[0m [36m# [STEP3] 仕上げのテスト サクセスメッセージのテスト ユーザのプロフィール情報更新成功時[0m
[31mrspec ./spec/system/03_finishing_touches_spec.rb:84[0m [36m# [STEP3] 仕上げのテスト 処理失敗時のテスト ユーザ新規登録失敗: nameを1文字にする 新規登録画面を表示しており、フォームの内容が正しい[0m
[31mrspec ./spec/system/03_finishing_touches_spec.rb:109[0m [36m# [STEP3] 仕上げのテスト 処理失敗時のテスト ユーザのプロフィール情報編集失敗: nameを1文字にする 更新されない[0m
[31mrspec ./spec/system/03_finishing_touches_spec.rb:112[0m [36m# [STEP3] 仕上げのテスト 処理失敗時のテスト ユーザのプロフィール情報編集失敗: nameを1文字にする ユーザ編集画面を表示しており、フォームの内容が正しい[0m
[31mrspec ./spec/system/03_finishing_touches_spec.rb:115[0m [36m# [STEP3] 仕上げのテスト 処理失敗時のテスト ユーザのプロフィール情報編集失敗: nameを1文字にする バリデーションエラーが表示される[0m
[31mrspec ./spec/system/03_finishing_touches_spec.rb:134[0m [36m# [STEP3] 仕上げのテスト 処理失敗時のテスト 投稿データの新規投稿失敗: 投稿一覧画面から行い、titleを空にする 投稿一覧画面を表示している[0m
[31mrspec ./spec/system/03_finishing_touches_spec.rb:170[0m [36m# [STEP3] 仕上げのテスト 処理失敗時のテスト 投稿データの更新失敗: titleを空にする エラーメッセージが表示される[0m
[31mrspec ./spec/system/03_finishing_touches_spec.rb:234[0m [36m# [STEP3] 仕上げのテスト 他人の画面のテスト 他人の投稿詳細画面のテスト 表示内容の確認 投稿の編集リンクが表示されない[0m
[31mrspec ./spec/system/03_finishing_touches_spec.rb:243[0m [36m# [STEP3] 仕上げのテスト 他人の画面のテスト 他人の投稿詳細画面のテスト サイドバーの確認 他人の名前と紹介文が表示される[0m
[31mrspec ./spec/system/03_finishing_touches_spec.rb:247[0m [36m# [STEP3] 仕上げのテスト 他人の画面のテスト 他人の投稿詳細画面のテスト サイドバーの確認 他人のユーザ編集画面へのリンクが存在する[0m
[31mrspec ./spec/system/03_finishing_touches_spec.rb:250[0m [36m# [STEP3] 仕上げのテスト 他人の画面のテスト 他人の投稿詳細画面のテスト サイドバーの確認 自分の名前と紹介文は表示されない[0m
[31mrspec ./spec/system/03_finishing_touches_spec.rb:254[0m [36m# [STEP3] 仕上げのテスト 他人の画面のテスト 他人の投稿詳細画面のテスト サイドバーの確認 自分のユーザ編集画面へのリンクは存在しない[0m
[31mrspec ./spec/system/03_finishing_touches_spec.rb:265[0m [36m# [STEP3] 仕上げのテスト 他人の画面のテスト 他人の投稿編集画面 遷移できず、投稿一覧画面にリダイレクトされる[0m
[31mrspec ./spec/system/03_finishing_touches_spec.rb:282[0m [36m# [STEP3] 仕上げのテスト 他人の画面のテスト 他人のユーザ詳細画面のテスト 表示の確認 投稿一覧のユーザ画像のリンク先が正しい[0m
[31mrspec ./spec/system/03_finishing_touches_spec.rb:302[0m [36m# [STEP3] 仕上げのテスト 他人の画面のテスト 他人のユーザ詳細画面のテスト サイドバーの確認 他人のユーザ編集画面へのリンクが存在する[0m
[31mrspec ./spec/system/03_finishing_touches_spec.rb:316[0m [36m# [STEP3] 仕上げのテスト 他人の画面のテスト 他人のユーザ情報編集画面 遷移できず、自分のユーザ詳細画面にリダイレクトされる[0m
[31mrspec ./spec/system/03_finishing_touches_spec.rb:333[0m [36m# [STEP3] 仕上げのテスト グリッドシステムのテスト: container, row, col-md-〇を正しく使えている ユーザ一覧画面[0m
[31mrspec ./spec/system/03_finishing_touches_spec.rb:338[0m [36m# [STEP3] 仕上げのテスト グリッドシステムのテスト: container, row, col-md-〇を正しく使えている ユーザ詳細画面[0m
[31mrspec ./spec/system/03_finishing_touches_spec.rb:343[0m [36m# [STEP3] 仕上げのテスト グリッドシステムのテスト: container, row, col-md-〇を正しく使えている 投稿一覧画面[0m
[31mrspec ./spec/system/03_finishing_touches_spec.rb:348[0m [36m# [STEP3] 仕上げのテスト グリッドシステムのテスト: container, row, col-md-〇を正しく使えている 投稿詳細画面[0m
[31mrspec ./spec/system/03_finishing_touches_spec.rb:375[0m [36m# [STEP3] 仕上げのテスト アイコンのテスト アバウト画面 本のアイコンが表示される[0m
[31mrspec ./spec/system/03_finishing_touches_spec.rb:435[0m [36m# [STEP3] 仕上げのテスト アイコンのテスト サイドバー ユーザ一覧画面でレンチアイコンが表示される[0m

